#
# A fatal error has been detected by the Java Runtime Environment:
#
#  EXCEPTION_ACCESS_VIOLATION (0xc0000005) at pc=0x00007ffbe562c315, pid=13528, tid=7848
#
# JRE version: Java(TM) SE Runtime Environment (13.0.1+9) (build 13.0.1+9)
# Java VM: Java HotSpot(TM) 64-Bit Server VM (13.0.1+9, mixed mode, sharing, tiered, compressed oops, g1 gc, windows-amd64)
# Problematic frame:
# V  [jvm.dll+0x11c315]
#
# No core dump will be written. Minidumps are not enabled by default on client versions of Windows
#
# If you would like to submit a bug report, please visit:
#   http://bugreport.java.com/bugreport/crash.jsp
#

---------------  S U M M A R Y ------------

Command Line: --add-modules=ALL-SYSTEM --add-opens=java.base/java.util=ALL-UNNAMED --add-opens=java.base/java.lang=ALL-UNNAMED -Declipse.application=org.eclipse.jdt.ls.core.id1 -Dosgi.bundles.defaultStartLevel=4 -Declipse.product=org.eclipse.jdt.ls.core.product -Dfile.encoding=utf8 -DwatchParentProcess=false -Xmx1G -XX:+UseG1GC -XX:+UseStringDeduplication c:\Users\Diksha\.vscode\extensions\redhat.java-0.56.0\server\plugins\org.eclipse.equinox.launcher_1.5.700.v20200207-2156.jar -configuration c:\Users\Diksha\.vscode\extensions\redhat.java-0.56.0\server\config_win -data c:\Users\Diksha\AppData\Roaming\Code\User\workspaceStorage\9878a79b9e085530a4eae5ef04ea703d\redhat.java\jdt_ws

Host: Intel(R) Pentium(R) CPU  N3540  @ 2.16GHz, 4 cores, 3G,  Windows 10 , 64 bit Build 18362 (10.0.18362.329)
Time: Sun Feb 23 17:42:47 2020 India Standard Time elapsed time: 114269 seconds (1d 7h 44m 29s)

---------------  T H R E A D  ---------------

Current thread (0x00000227adca4000):  JavaThread "C2 CompilerThread0" daemon [_thread_in_native, id=7848, stack(0x000000bd35500000,0x000000bd35600000)]


Current CompileTask:
C2:114269077 21750   !   4       org.eclipse.jdt.internal.compiler.parser.Scanner::getNextToken0 (3938 bytes)

Stack: [0x000000bd35500000,0x000000bd35600000],  sp=0x000000bd355fb550,  free space=1005k
Native frames: (J=compiled Java code, j=interpreted, Vv=VM code, C=native code)
V  [jvm.dll+0x11c315]
V  [jvm.dll+0x11c744]
V  [jvm.dll+0x11c174]
V  [jvm.dll+0x62bdf1]
V  [jvm.dll+0x207c26]
V  [jvm.dll+0x206adf]
V  [jvm.dll+0x18b94c]
V  [jvm.dll+0x2159bd]
V  [jvm.dll+0x213e6b]
V  [jvm.dll+0x738b16]
V  [jvm.dll+0x731c0a]
V  [jvm.dll+0x6260c6]
C  [ucrtbase.dll+0x20e72]
C  [KERNEL32.DLL+0x17bd4]
C  [ntdll.dll+0x6ced1]


siginfo: EXCEPTION_ACCESS_VIOLATION (0xc0000005), reading address 0x0000000000000000


Register to memory mapping:

RIP=0x00007ffbe562c315 jvm.dll
RAX=0x00000227b2c9f198 points into unknown readable memory: b0 fa ab b0 27 02 00 00
RBX=0x0000000000000068 is an unknown value
RCX=0x0 is NULL
RDX=0x00000227b23d87e0 points into unknown readable memory: 07 20 00 c1 00 00 00 00
RSP=0x000000bd355fb550 is pointing into the stack for thread: 0x00000227adca4000
RBP=0x000000000000000d is an unknown value
RSI=0x0000000000000007 is an unknown value
RDI=0x0 is NULL
R8 =0x0000000000000003 is an unknown value
R9 =0x00007ffbe5510000 jvm.dll
R10=0x0000000000000003 is an unknown value
R11=0x0000000000000010 is an unknown value
R12=0x00000227b0abfa00 points into unknown readable memory: e0 a9 d0 e5 fb 7f 00 00
R13=0x0000000000000008 is an unknown value
R14=0x00000227b2ca0530 points into unknown readable memory: 00 00 00 00 00 00 00 00
R15=0x0 is NULL


Registers:
RAX=0x00000227b2c9f198, RBX=0x0000000000000068, RCX=0x0000000000000000, RDX=0x00000227b23d87e0
RSP=0x000000bd355fb550, RBP=0x000000000000000d, RSI=0x0000000000000007, RDI=0x0000000000000000
R8 =0x0000000000000003, R9 =0x00007ffbe5510000, R10=0x0000000000000003, R11=0x0000000000000010
R12=0x00000227b0abfa00, R13=0x0000000000000008, R14=0x00000227b2ca0530, R15=0x0000000000000000
RIP=0x00007ffbe562c315, EFLAGS=0x0000000000010283

Top of Stack: (sp=0x000000bd355fb550)
0x000000bd355fb550:   000000000000026c 0000000000000004
0x000000bd355fb560:   0000022791bca1d0 00007ffc3536305d
0x000000bd355fb570:   0000022700002000 0000000000000068
0x000000bd355fb580:   000000000000001a 000000000000000d
0x000000bd355fb590:   00000227b26792a0 00007ffbe55d3c5c
0x000000bd355fb5a0:   0000022791bca1d0 000000000000026c
0x000000bd355fb5b0:   000000bd355fbba0 0000000000000000
0x000000bd355fb5c0:   00000000ffffffff 00000227b2ca0500
0x000000bd355fb5d0:   0000000000000004 00000227bfbfa0c0
0x000000bd355fb5e0:   00000227b0abfa00 00007ffbe562c744
0x000000bd355fb5f0:   00000227b2ca0500 0000022700000024
0x000000bd355fb600:   000000000000026c 000000bd355fbba0
0x000000bd355fb610:   00000227b23d87e0 00007ffbe562d142
0x000000bd355fb620:   00000227adc8f8c0 00000227bf5de340
0x000000bd355fb630:   00000227c064efb0 00000227b2ca0500
0x000000bd355fb640:   00000227bf5de090 0000000000000001 

Instructions: (pc=0x00007ffbe562c315)
0x00007ffbe562c215:   e2 41 8b 79 50 33 d2 41 8b d8 89 bc 24 a8 00 00
0x00007ffbe562c225:   00 44 8b a8 38 0c 00 00 44 2b 2d bc 3e 91 00 8d
0x00007ffbe562c235:   4a 10 e8 34 a0 56 00 33 f6 48 85 c0 74 12 45 8b
0x00007ffbe562c245:   c5 8b d7 48 8b c8 e8 90 85 4f 00 4c 8b f0 eb 03
0x00007ffbe562c255:   4c 8b f6 41 0f b6 44 24 2c 4d 8b fc 24 1f 49 8b
0x00007ffbe562c265:   cc 3c 1e 49 8b 04 24 4c 0f 45 fe ff 90 88 00 00
0x00007ffbe562c275:   00 48 89 44 24 40 8b ee 85 db 0f 8e 06 04 00 00
0x00007ffbe562c285:   48 8b 94 24 c0 00 00 00 4c 8d 0d 6c 3d ee ff b9
0x00007ffbe562c295:   01 00 00 00 48 89 74 24 30 48 8b de 89 4c 24 20
0x00007ffbe562c2a5:   48 8b c6 48 89 5c 24 28 48 89 44 24 38 48 c1 f8
0x00007ffbe562c2b5:   05 85 0c 82 0f 84 98 03 00 00 48 8b 0d 2a 3e 91
0x00007ffbe562c2c5:   00 83 fd ff 74 0e 3b e9 7d 0e 4a 8b b4 0b 70 45
0x00007ffbe562c2d5:   9f 00 eb 29 3b e9 7c 1e 8b c5 2b c1 41 3b c5 7d
0x00007ffbe562c2e5:   0a 03 c7 48 63 f0 48 03 f1 eb 12 41 2b c5 48 63
0x00007ffbe562c2f5:   f0 48 03 f1 eb 07 48 c7 c6 ff ff ff ff 48 8b 84
0x00007ffbe562c305:   24 a0 00 00 00 48 8b 40 08 48 8b 3c 03 48 8b cf
0x00007ffbe562c315:   48 8b 07 ff 50 28 4c 8d 0d de 3c ee ff 48 8b d0
0x00007ffbe562c325:   4c 63 40 10 49 8b c8 48 c1 e1 05 42 80 bc 09 c0
0x00007ffbe562c335:   84 a1 00 00 0f 84 3a 02 00 00 40 f6 c5 01 0f 85
0x00007ffbe562c345:   ff 02 00 00 48 8b ce 81 e1 ff 0f 00 00 48 3b f1
0x00007ffbe562c355:   74 43 48 8b 84 24 b8 00 00 00 48 8d 15 fa 74 72
0x00007ffbe562c365:   00 80 3d 0c 13 8e 00 00 41 0f 94 c0 48 8b 58 10
0x00007ffbe562c375:   48 8b 8b 60 01 00 00 e8 2f cb 08 00 48 8d 15 d8
0x00007ffbe562c385:   74 72 00 48 8b cb e8 a0 43 0f 00 48 8b 5c 24 28
0x00007ffbe562c395:   e9 a7 02 00 00 83 78 24 00 75 56 4d 85 ff 74 41
0x00007ffbe562c3a5:   49 8b 47 70 48 8b 48 18 8b 51 18 b9 05 00 00 00
0x00007ffbe562c3b5:   3b d1 76 2d 4d 8b 47 08 0f 1f 00 8b c1 49 39 3c
0x00007ffbe562c3c5:   c0 74 16 ff c1 3b ca 72 f2 48 8b d6 49 8b ce e8
0x00007ffbe562c3d5:   07 94 4f 00 e9 63 02 00 00 3b ca 0f 82 62 02 00
0x00007ffbe562c3e5:   00 48 8b d6 49 8b ce e8 ef 93 4f 00 e9 4b 02 00
0x00007ffbe562c3f5:   00 48 8b 4c 24 40 e8 60 4f 07 00 41 8b 54 24 18
0x00007ffbe562c405:   8b d8 3b c2 73 14 4d 8b 44 24 08 8b cb 49 39 3c 


Stack slot to memory mapping:
stack at sp + 0 slots: 0x000000000000026c is an unknown value
stack at sp + 1 slots: 0x0000000000000004 is an unknown value
stack at sp + 2 slots: 0x0000022791bca1d0 points into unknown readable memory: 00 40 38 b4 27 02 00 00
stack at sp + 3 slots: 0x00007ffc3536305d KERNELBASE.dll
stack at sp + 4 slots: 0x0000022700002000 is an unknown value
stack at sp + 5 slots: 0x0000000000000068 is an unknown value
stack at sp + 6 slots: 0x000000000000001a is an unknown value
stack at sp + 7 slots: 0x000000000000000d is an unknown value


---------------  P R O C E S S  ---------------

Threads class SMR info:
_java_thread_list=0x00000227b42b9490, length=29, elements={
0x0000022791bde000, 0x00000227adc7f000, 0x00000227adc83000, 0x00000227adca0000,
0x00000227adca2000, 0x00000227adca4000, 0x00000227adca9000, 0x00000227adcb8800,
0x00000227ae6f6800, 0x00000227ae812000, 0x00000227aec5b800, 0x00000227ae987000,
0x00000227ae7bd800, 0x00000227aeee7000, 0x00000227afc6f000, 0x00000227b0541000,
0x00000227b0542800, 0x00000227b0543800, 0x00000227b1382800, 0x00000227b1387800,
0x00000227b1388800, 0x00000227b1385000, 0x00000227b138b800, 0x00000227b1380000,
0x00000227b1386800, 0x00000227b1382000, 0x00000227b138d800, 0x00000227b138b000,
0x00000227b138a000
}

Java Threads: ( => current thread )
  0x0000022791bde000 JavaThread "main" [_thread_blocked, id=14952, stack(0x000000bd34900000,0x000000bd34a00000)]
  0x00000227adc7f000 JavaThread "Reference Handler" daemon [_thread_blocked, id=8528, stack(0x000000bd35100000,0x000000bd35200000)]
  0x00000227adc83000 JavaThread "Finalizer" daemon [_thread_blocked, id=12792, stack(0x000000bd35200000,0x000000bd35300000)]
  0x00000227adca0000 JavaThread "Signal Dispatcher" daemon [_thread_blocked, id=14760, stack(0x000000bd35300000,0x000000bd35400000)]
  0x00000227adca2000 JavaThread "Attach Listener" daemon [_thread_blocked, id=5148, stack(0x000000bd35400000,0x000000bd35500000)]
=>0x00000227adca4000 JavaThread "C2 CompilerThread0" daemon [_thread_in_native, id=7848, stack(0x000000bd35500000,0x000000bd35600000)]
  0x00000227adca9000 JavaThread "C1 CompilerThread0" daemon [_thread_blocked, id=6908, stack(0x000000bd35600000,0x000000bd35700000)]
  0x00000227adcb8800 JavaThread "Sweeper thread" daemon [_thread_blocked, id=8284, stack(0x000000bd35700000,0x000000bd35800000)]
  0x00000227ae6f6800 JavaThread "Common-Cleaner" daemon [_thread_blocked, id=6664, stack(0x000000bd35800000,0x000000bd35900000)]
  0x00000227ae812000 JavaThread "Service Thread" daemon [_thread_blocked, id=4780, stack(0x000000bd35a00000,0x000000bd35b00000)]
  0x00000227aec5b800 JavaThread "Active Thread: Equinox Container: b3892317-4188-4ff4-a135-b9eb82dbe4eb" [_thread_blocked, id=8020, stack(0x000000bd36000000,0x000000bd36100000)]
  0x00000227ae987000 JavaThread "Framework Event Dispatcher: Equinox Container: b3892317-4188-4ff4-a135-b9eb82dbe4eb" daemon [_thread_blocked, id=3696, stack(0x000000bd36100000,0x000000bd36200000)]
  0x00000227ae7bd800 JavaThread "Start Level: Equinox Container: b3892317-4188-4ff4-a135-b9eb82dbe4eb" daemon [_thread_blocked, id=12412, stack(0x000000bd36200000,0x000000bd36300000)]
  0x00000227aeee7000 JavaThread "Refresh Thread: Equinox Container: b3892317-4188-4ff4-a135-b9eb82dbe4eb" daemon [_thread_blocked, id=14004, stack(0x000000bd36300000,0x000000bd36400000)]
  0x00000227afc6f000 JavaThread "Worker-JM" [_thread_blocked, id=6540, stack(0x000000bd36800000,0x000000bd36900000)]
  0x00000227b0541000 JavaThread "Java indexing" daemon [_thread_blocked, id=13924, stack(0x000000bd36b00000,0x000000bd36c00000)]
  0x00000227b0542800 JavaThread "Bundle File Closer" daemon [_thread_blocked, id=11964, stack(0x000000bd35c00000,0x000000bd35d00000)]
  0x00000227b0543800 JavaThread "pool-1-thread-1" [_thread_in_native, id=8072, stack(0x000000bd36d00000,0x000000bd36e00000)]
  0x00000227b1382800 JavaThread "Keep-Alive-SocketCleaner" daemon [_thread_blocked, id=11184, stack(0x000000bd34700000,0x000000bd34800000)]
  0x00000227b1387800 JavaThread "ForkJoinPool.commonPool-worker-3" daemon [_thread_blocked, id=15296, stack(0x000000bd35d00000,0x000000bd35e00000)]
  0x00000227b1388800 JavaThread "Worker-30" [_thread_blocked, id=7868, stack(0x000000bd36a00000,0x000000bd36b00000)]
  0x00000227b1385000 JavaThread "ForkJoinPool.commonPool-worker-1" daemon [_thread_blocked, id=3540, stack(0x000000bd34600000,0x000000bd34700000)]
  0x00000227b138b800 JavaThread "Worker-35" [_thread_blocked, id=11844, stack(0x000000bd36900000,0x000000bd36a00000)]
  0x00000227b1380000 JavaThread "Worker-36" [_thread_blocked, id=9704, stack(0x000000bd34800000,0x000000bd34900000)]
  0x00000227b1386800 JavaThread "ForkJoinPool.commonPool-worker-5" daemon [_thread_blocked, id=3684, stack(0x000000bd35f00000,0x000000bd36000000)]
  0x00000227b1382000 JavaThread "Worker-37" [_thread_blocked, id=8740, stack(0x000000bd36400000,0x000000bd36500000)]
  0x00000227b138d800 JavaThread "Worker-38" [_thread_blocked, id=1428, stack(0x000000bd36c00000,0x000000bd36d00000)]
  0x00000227b138b000 JavaThread "pool-30-thread-1" [_thread_blocked, id=5856, stack(0x000000bd36f00000,0x000000bd37000000)]
  0x00000227b138a000 JavaThread "Worker-39" [_thread_blocked, id=2304, stack(0x000000bd36e00000,0x000000bd36f00000)]

Other Threads:
  0x00000227adc7b000 VMThread "VM Thread" [stack: 0x000000bd35000000,0x000000bd35100000] [id=10556]
  0x00000227ae813800 WatcherThread [stack: 0x000000bd35b00000,0x000000bd35c00000] [id=840]
  0x0000022791c10000 GCTaskThread "GC Thread#0" [stack: 0x000000bd34a00000,0x000000bd34b00000] [id=10984]
  0x00000227af011000 GCTaskThread "GC Thread#1" [stack: 0x000000bd35900000,0x000000bd35a00000] [id=14016]
  0x00000227aed11800 GCTaskThread "GC Thread#2" [stack: 0x000000bd36500000,0x000000bd36600000] [id=10672]
  0x00000227af1df800 GCTaskThread "GC Thread#3" [stack: 0x000000bd36600000,0x000000bd36700000] [id=13748]
  0x0000022791c19800 ConcurrentGCThread "G1 Main Marker" [stack: 0x000000bd34b00000,0x000000bd34c00000] [id=12540]
  0x0000022791c1b800 ConcurrentGCThread "G1 Conc#0" [stack: 0x000000bd34c00000,0x000000bd34d00000] [id=8732]
  0x0000022791c71800 ConcurrentGCThread "G1 Refine#0" [stack: 0x000000bd34d00000,0x000000bd34e00000] [id=13236]
  0x00000227aed6c800 ConcurrentGCThread "G1 Refine#1" [stack: 0x000000bd36700000,0x000000bd36800000] [id=11604]
  0x00000227aecb2000 ConcurrentGCThread "G1 Refine#2" [stack: 0x000000bd35e00000,0x000000bd35f00000] [id=14568]
  0x00000227b21ad000 ConcurrentGCThread "G1 Refine#3" [stack: 0x000000bd37100000,0x000000bd37200000] [id=4156]
  0x0000022791c73800 ConcurrentGCThread "G1 Young RemSet Sampling" [stack: 0x000000bd34e00000,0x000000bd34f00000] [id=13160]
  0x0000022791c7a000 ConcurrentGCThread "StrDedup" [stack: 0x000000bd34f00000,0x000000bd35000000] [id=8616]

Threads with active compile tasks:
C2 CompilerThread0  114269361 21750   !   4       org.eclipse.jdt.internal.compiler.parser.Scanner::getNextToken0 (3938 bytes)

VM state:not at safepoint (normal execution)

VM Mutex/Monitor currently owned by a thread: None

Heap address: 0x00000000c0000000, size: 1024 MB, Compressed Oops mode: 32-bit
Narrow klass base: 0x0000000800000000, Narrow klass shift: 3
Compressed class space size: 1073741824 Address: 0x0000000800b40000

Heap:
 garbage-first heap   total 372736K, used 126376K [0x00000000c0000000, 0x0000000100000000)
  region size 1024K, 23 young (23552K), 6 survivors (6144K)
 Metaspace       used 76131K, capacity 79306K, committed 79616K, reserved 1120256K
  class space    used 7219K, capacity 8372K, committed 8448K, reserved 1048576K
Heap Regions: E=young(eden), S=young(survivor), O=old, HS=humongous(starts), HC=humongous(continues), CS=collection set, F=free, A=archive, TAMS=top-at-mark-start (previous, next)
|   0|0x00000000c0000000, 0x00000000c0100000, 0x00000000c0100000|100%| O|  |TAMS 0x00000000c0100000, 0x00000000c0000000| Untracked 
|   1|0x00000000c0100000, 0x00000000c0200000, 0x00000000c0200000|100%| O|  |TAMS 0x00000000c0200000, 0x00000000c0100000| Untracked 
|   2|0x00000000c0200000, 0x00000000c0300000, 0x00000000c0300000|100%| O|  |TAMS 0x00000000c0300000, 0x00000000c0200000| Untracked 
|   3|0x00000000c0300000, 0x00000000c0400000, 0x00000000c0400000|100%| O|  |TAMS 0x00000000c0400000, 0x00000000c0300000| Untracked 
|   4|0x00000000c0400000, 0x00000000c0500000, 0x00000000c0500000|100%|HS|  |TAMS 0x00000000c0500000, 0x00000000c0400000| Complete 
|   5|0x00000000c0500000, 0x00000000c0600000, 0x00000000c0600000|100%| O|  |TAMS 0x00000000c0600000, 0x00000000c0500000| Untracked 
|   6|0x00000000c0600000, 0x00000000c0700000, 0x00000000c0700000|100%| O|  |TAMS 0x00000000c0700000, 0x00000000c0600000| Untracked 
|   7|0x00000000c0700000, 0x00000000c0800000, 0x00000000c0800000|100%| O|  |TAMS 0x00000000c0800000, 0x00000000c0700000| Untracked 
|   8|0x00000000c0800000, 0x00000000c0900000, 0x00000000c0900000|100%| O|  |TAMS 0x00000000c0900000, 0x00000000c0800000| Untracked 
|   9|0x00000000c0900000, 0x00000000c0a00000, 0x00000000c0a00000|100%| O|  |TAMS 0x00000000c0a00000, 0x00000000c0900000| Untracked 
|  10|0x00000000c0a00000, 0x00000000c0b00000, 0x00000000c0b00000|100%| O|  |TAMS 0x00000000c0b00000, 0x00000000c0a00000| Untracked 
|  11|0x00000000c0b00000, 0x00000000c0c00000, 0x00000000c0c00000|100%| O|  |TAMS 0x00000000c0c00000, 0x00000000c0b00000| Untracked 
|  12|0x00000000c0c00000, 0x00000000c0d00000, 0x00000000c0d00000|100%| O|  |TAMS 0x00000000c0d00000, 0x00000000c0c00000| Untracked 
|  13|0x00000000c0d00000, 0x00000000c0e00000, 0x00000000c0e00000|100%| O|  |TAMS 0x00000000c0e00000, 0x00000000c0d00000| Untracked 
|  14|0x00000000c0e00000, 0x00000000c0f00000, 0x00000000c0f00000|100%|HS|  |TAMS 0x00000000c0f00000, 0x00000000c0e00000| Complete 
|  15|0x00000000c0f00000, 0x00000000c1000000, 0x00000000c1000000|100%| O|  |TAMS 0x00000000c1000000, 0x00000000c0f00000| Untracked 
|  16|0x00000000c1000000, 0x00000000c1100000, 0x00000000c1100000|100%| O|  |TAMS 0x00000000c1100000, 0x00000000c1000000| Untracked 
|  17|0x00000000c1100000, 0x00000000c1200000, 0x00000000c1200000|100%| O|  |TAMS 0x00000000c1200000, 0x00000000c1100000| Untracked 
|  18|0x00000000c1200000, 0x00000000c1300000, 0x00000000c1300000|100%| O|  |TAMS 0x00000000c1300000, 0x00000000c1200000| Untracked 
|  19|0x00000000c1300000, 0x00000000c1400000, 0x00000000c1400000|100%| O|  |TAMS 0x00000000c1400000, 0x00000000c1300000| Untracked 
|  20|0x00000000c1400000, 0x00000000c1500000, 0x00000000c1500000|100%| O|  |TAMS 0x00000000c1500000, 0x00000000c1400000| Untracked 
|  21|0x00000000c1500000, 0x00000000c1600000, 0x00000000c1600000|100%| O|  |TAMS 0x00000000c1600000, 0x00000000c1500000| Untracked 
|  22|0x00000000c1600000, 0x00000000c1700000, 0x00000000c1700000|100%| O|  |TAMS 0x00000000c1700000, 0x00000000c1600000| Untracked 
|  23|0x00000000c1700000, 0x00000000c1800000, 0x00000000c1800000|100%| O|  |TAMS 0x00000000c1800000, 0x00000000c1700000| Untracked 
|  24|0x00000000c1800000, 0x00000000c1900000, 0x00000000c1900000|100%| O|  |TAMS 0x00000000c1900000, 0x00000000c1800000| Untracked 
|  25|0x00000000c1900000, 0x00000000c1a00000, 0x00000000c1a00000|100%| O|  |TAMS 0x00000000c1a00000, 0x00000000c1900000| Untracked 
|  26|0x00000000c1a00000, 0x00000000c1b00000, 0x00000000c1b00000|100%| O|  |TAMS 0x00000000c1b00000, 0x00000000c1a00000| Untracked 
|  27|0x00000000c1b00000, 0x00000000c1c00000, 0x00000000c1c00000|100%| O|  |TAMS 0x00000000c1c00000, 0x00000000c1b00000| Untracked 
|  28|0x00000000c1c00000, 0x00000000c1d00000, 0x00000000c1d00000|100%| O|  |TAMS 0x00000000c1d00000, 0x00000000c1c00000| Untracked 
|  29|0x00000000c1d00000, 0x00000000c1e00000, 0x00000000c1e00000|100%| O|  |TAMS 0x00000000c1e00000, 0x00000000c1d00000| Untracked 
|  30|0x00000000c1e00000, 0x00000000c1f00000, 0x00000000c1f00000|100%| O|  |TAMS 0x00000000c1f00000, 0x00000000c1e00000| Untracked 
|  31|0x00000000c1f00000, 0x00000000c2000000, 0x00000000c2000000|100%| O|  |TAMS 0x00000000c2000000, 0x00000000c1f00000| Untracked 
|  32|0x00000000c2000000, 0x00000000c2100000, 0x00000000c2100000|100%| O|  |TAMS 0x00000000c2100000, 0x00000000c2000000| Untracked 
|  33|0x00000000c2100000, 0x00000000c2200000, 0x00000000c2200000|100%| O|  |TAMS 0x00000000c2200000, 0x00000000c2100000| Untracked 
|  34|0x00000000c2200000, 0x00000000c2300000, 0x00000000c2300000|100%| O|  |TAMS 0x00000000c2300000, 0x00000000c2200000| Untracked 
|  35|0x00000000c2300000, 0x00000000c2400000, 0x00000000c2400000|100%| O|  |TAMS 0x00000000c2400000, 0x00000000c2300000| Untracked 
|  36|0x00000000c2400000, 0x00000000c2500000, 0x00000000c2500000|100%| O|  |TAMS 0x00000000c2500000, 0x00000000c2400000| Untracked 
|  37|0x00000000c2500000, 0x00000000c2600000, 0x00000000c2600000|100%| O|  |TAMS 0x00000000c2600000, 0x00000000c2500000| Untracked 
|  38|0x00000000c2600000, 0x00000000c2700000, 0x00000000c2700000|100%| O|  |TAMS 0x00000000c2700000, 0x00000000c2600000| Untracked 
|  39|0x00000000c2700000, 0x00000000c2800000, 0x00000000c2800000|100%| O|  |TAMS 0x00000000c2800000, 0x00000000c2700000| Untracked 
|  40|0x00000000c2800000, 0x00000000c2900000, 0x00000000c2900000|100%| O|  |TAMS 0x00000000c2900000, 0x00000000c2800000| Untracked 
|  41|0x00000000c2900000, 0x00000000c2a00000, 0x00000000c2a00000|100%| O|  |TAMS 0x00000000c2a00000, 0x00000000c2900000| Untracked 
|  42|0x00000000c2a00000, 0x00000000c2b00000, 0x00000000c2b00000|100%| O|  |TAMS 0x00000000c2b00000, 0x00000000c2a00000| Untracked 
|  43|0x00000000c2b00000, 0x00000000c2c00000, 0x00000000c2c00000|100%| O|  |TAMS 0x00000000c2c00000, 0x00000000c2b00000| Untracked 
|  44|0x00000000c2c00000, 0x00000000c2d00000, 0x00000000c2d00000|100%| O|  |TAMS 0x00000000c2d00000, 0x00000000c2c00000| Untracked 
|  45|0x00000000c2d00000, 0x00000000c2e00000, 0x00000000c2e00000|100%| O|  |TAMS 0x00000000c2e00000, 0x00000000c2d00000| Untracked 
|  46|0x00000000c2e00000, 0x00000000c2f00000, 0x00000000c2f00000|100%| O|  |TAMS 0x00000000c2f00000, 0x00000000c2e00000| Untracked 
|  47|0x00000000c2f00000, 0x00000000c3000000, 0x00000000c3000000|100%| O|  |TAMS 0x00000000c3000000, 0x00000000c2f00000| Untracked 
|  48|0x00000000c3000000, 0x00000000c3100000, 0x00000000c3100000|100%| O|  |TAMS 0x00000000c3100000, 0x00000000c3000000| Untracked 
|  49|0x00000000c3100000, 0x00000000c3200000, 0x00000000c3200000|100%| O|  |TAMS 0x00000000c3187000, 0x00000000c3100000| Untracked 
|  50|0x00000000c3200000, 0x00000000c3300000, 0x00000000c3300000|100%| O|  |TAMS 0x00000000c3300000, 0x00000000c3200000| Untracked 
|  51|0x00000000c3300000, 0x00000000c3400000, 0x00000000c3400000|100%| O|  |TAMS 0x00000000c3400000, 0x00000000c3300000| Untracked 
|  52|0x00000000c3400000, 0x00000000c3500000, 0x00000000c3500000|100%| O|  |TAMS 0x00000000c3500000, 0x00000000c3400000| Untracked 
|  53|0x00000000c3500000, 0x00000000c3600000, 0x00000000c3600000|100%| O|  |TAMS 0x00000000c3600000, 0x00000000c3500000| Untracked 
|  54|0x00000000c3600000, 0x00000000c3700000, 0x00000000c3700000|100%|HS|  |TAMS 0x00000000c3700000, 0x00000000c3600000| Complete 
|  55|0x00000000c3700000, 0x00000000c3800000, 0x00000000c3800000|100%|HC|  |TAMS 0x00000000c3800000, 0x00000000c3700000| Complete 
|  56|0x00000000c3800000, 0x00000000c3900000, 0x00000000c3900000|100%| O|  |TAMS 0x00000000c3900000, 0x00000000c3800000| Untracked 
|  57|0x00000000c3900000, 0x00000000c3a00000, 0x00000000c3a00000|100%| O|  |TAMS 0x00000000c3a00000, 0x00000000c3900000| Untracked 
|  58|0x00000000c3a00000, 0x00000000c3b00000, 0x00000000c3b00000|100%| O|  |TAMS 0x00000000c3b00000, 0x00000000c3a00000| Untracked 
|  59|0x00000000c3b00000, 0x00000000c3c00000, 0x00000000c3c00000|100%| O|  |TAMS 0x00000000c3c00000, 0x00000000c3b00000| Untracked 
|  60|0x00000000c3c00000, 0x00000000c3d00000, 0x00000000c3d00000|100%| O|  |TAMS 0x00000000c3d00000, 0x00000000c3c00000| Untracked 
|  61|0x00000000c3d00000, 0x00000000c3d64800, 0x00000000c3e00000| 39%| O|  |TAMS 0x00000000c3d00000, 0x00000000c3d00000| Untracked 
|  62|0x00000000c3e00000, 0x00000000c3f00000, 0x00000000c3f00000|100%| O|  |TAMS 0x00000000c3f00000, 0x00000000c3e00000| Untracked 
|  63|0x00000000c3f00000, 0x00000000c4000000, 0x00000000c4000000|100%| O|  |TAMS 0x00000000c4000000, 0x00000000c3f00000| Untracked 
|  64|0x00000000c4000000, 0x00000000c4100000, 0x00000000c4100000|100%| O|  |TAMS 0x00000000c4100000, 0x00000000c4000000| Untracked 
|  65|0x00000000c4100000, 0x00000000c4200000, 0x00000000c4200000|100%| O|  |TAMS 0x00000000c4200000, 0x00000000c4100000| Untracked 
|  66|0x00000000c4200000, 0x00000000c4300000, 0x00000000c4300000|100%| O|  |TAMS 0x00000000c4300000, 0x00000000c4200000| Untracked 
|  67|0x00000000c4300000, 0x00000000c4400000, 0x00000000c4400000|100%| O|  |TAMS 0x00000000c4400000, 0x00000000c4300000| Untracked 
|  68|0x00000000c4400000, 0x00000000c4500000, 0x00000000c4500000|100%| O|  |TAMS 0x00000000c4500000, 0x00000000c4400000| Untracked 
|  69|0x00000000c4500000, 0x00000000c4600000, 0x00000000c4600000|100%| O|  |TAMS 0x00000000c4600000, 0x00000000c4500000| Untracked 
|  70|0x00000000c4600000, 0x00000000c4700000, 0x00000000c4700000|100%| O|  |TAMS 0x00000000c4700000, 0x00000000c4600000| Untracked 
|  71|0x00000000c4700000, 0x00000000c4800000, 0x00000000c4800000|100%| O|  |TAMS 0x00000000c4800000, 0x00000000c4700000| Untracked 
|  72|0x00000000c4800000, 0x00000000c4900000, 0x00000000c4900000|100%| O|  |TAMS 0x00000000c4900000, 0x00000000c4800000| Untracked 
|  73|0x00000000c4900000, 0x00000000c4a00000, 0x00000000c4a00000|100%| O|  |TAMS 0x00000000c4a00000, 0x00000000c4900000| Untracked 
|  74|0x00000000c4a00000, 0x00000000c4b00000, 0x00000000c4b00000|100%| O|  |TAMS 0x00000000c4b00000, 0x00000000c4a00000| Untracked 
|  75|0x00000000c4b00000, 0x00000000c4c00000, 0x00000000c4c00000|100%| O|  |TAMS 0x00000000c4c00000, 0x00000000c4b00000| Untracked 
|  76|0x00000000c4c00000, 0x00000000c4d00000, 0x00000000c4d00000|100%| O|  |TAMS 0x00000000c4d00000, 0x00000000c4c00000| Untracked 
|  77|0x00000000c4d00000, 0x00000000c4e00000, 0x00000000c4e00000|100%| O|  |TAMS 0x00000000c4e00000, 0x00000000c4d00000| Untracked 
|  78|0x00000000c4e00000, 0x00000000c4f00000, 0x00000000c4f00000|100%| O|  |TAMS 0x00000000c4f00000, 0x00000000c4e00000| Untracked 
|  79|0x00000000c4f00000, 0x00000000c5000000, 0x00000000c5000000|100%| O|  |TAMS 0x00000000c5000000, 0x00000000c4f00000| Untracked 
|  80|0x00000000c5000000, 0x00000000c5100000, 0x00000000c5100000|100%| O|  |TAMS 0x00000000c5100000, 0x00000000c5000000| Untracked 
|  81|0x00000000c5100000, 0x00000000c5200000, 0x00000000c5200000|100%| O|  |TAMS 0x00000000c5200000, 0x00000000c5100000| Untracked 
|  82|0x00000000c5200000, 0x00000000c5300000, 0x00000000c5300000|100%| O|  |TAMS 0x00000000c5300000, 0x00000000c5200000| Untracked 
|  83|0x00000000c5300000, 0x00000000c5400000, 0x00000000c5400000|100%| O|  |TAMS 0x00000000c5400000, 0x00000000c5300000| Untracked 
|  84|0x00000000c5400000, 0x00000000c5500000, 0x00000000c5500000|100%| O|  |TAMS 0x00000000c5500000, 0x00000000c5400000| Untracked 
|  85|0x00000000c5500000, 0x00000000c5600000, 0x00000000c5600000|100%| O|  |TAMS 0x00000000c5600000, 0x00000000c5500000| Untracked 
|  86|0x00000000c5600000, 0x00000000c5700000, 0x00000000c5700000|100%| O|  |TAMS 0x00000000c5700000, 0x00000000c5600000| Untracked 
|  87|0x00000000c5700000, 0x00000000c5800000, 0x00000000c5800000|100%| O|  |TAMS 0x00000000c5800000, 0x00000000c5700000| Untracked 
|  88|0x00000000c5800000, 0x00000000c5900000, 0x00000000c5900000|100%| O|  |TAMS 0x00000000c5900000, 0x00000000c5800000| Untracked 
|  89|0x00000000c5900000, 0x00000000c5a00000, 0x00000000c5a00000|100%| O|  |TAMS 0x00000000c5a00000, 0x00000000c5900000| Untracked 
|  90|0x00000000c5a00000, 0x00000000c5b00000, 0x00000000c5b00000|100%| O|  |TAMS 0x00000000c5b00000, 0x00000000c5a00000| Untracked 
|  91|0x00000000c5b00000, 0x00000000c5c00000, 0x00000000c5c00000|100%| O|  |TAMS 0x00000000c5c00000, 0x00000000c5b00000| Untracked 
|  92|0x00000000c5c00000, 0x00000000c5d00000, 0x00000000c5d00000|100%| O|  |TAMS 0x00000000c5d00000, 0x00000000c5c00000| Untracked 
|  93|0x00000000c5d00000, 0x00000000c5e00000, 0x00000000c5e00000|100%| O|  |TAMS 0x00000000c5e00000, 0x00000000c5d00000| Untracked 
|  94|0x00000000c5e00000, 0x00000000c5f00000, 0x00000000c5f00000|100%| O|  |TAMS 0x00000000c5f00000, 0x00000000c5e00000| Untracked 
|  95|0x00000000c5f00000, 0x00000000c6000000, 0x00000000c6000000|100%| O|  |TAMS 0x00000000c6000000, 0x00000000c5f00000| Untracked 
|  96|0x00000000c6000000, 0x00000000c6100000, 0x00000000c6100000|100%| O|  |TAMS 0x00000000c6100000, 0x00000000c6000000| Untracked 
|  97|0x00000000c6100000, 0x00000000c6200000, 0x00000000c6200000|100%| O|  |TAMS 0x00000000c6200000, 0x00000000c6100000| Untracked 
|  98|0x00000000c6200000, 0x00000000c6300000, 0x00000000c6300000|100%| O|  |TAMS 0x00000000c6300000, 0x00000000c6200000| Untracked 
|  99|0x00000000c6300000, 0x00000000c6400000, 0x00000000c6400000|100%| O|  |TAMS 0x00000000c6400000, 0x00000000c6300000| Untracked 
| 100|0x00000000c6400000, 0x00000000c6400000, 0x00000000c6500000|  0%| F|  |TAMS 0x00000000c6400000, 0x00000000c6400000| Untracked 
| 101|0x00000000c6500000, 0x00000000c6500000, 0x00000000c6600000|  0%| F|  |TAMS 0x00000000c6500000, 0x00000000c6500000| Untracked 
| 102|0x00000000c6600000, 0x00000000c6600000, 0x00000000c6700000|  0%| F|  |TAMS 0x00000000c6600000, 0x00000000c6600000| Untracked 
| 103|0x00000000c6700000, 0x00000000c6800000, 0x00000000c6800000|100%| O|  |TAMS 0x00000000c6800000, 0x00000000c6700000| Untracked 
| 104|0x00000000c6800000, 0x00000000c687a200, 0x00000000c6900000| 47%| O|  |TAMS 0x00000000c687a200, 0x00000000c6800000| Untracked 
| 105|0x00000000c6900000, 0x00000000c6900000, 0x00000000c6a00000|  0%| F|  |TAMS 0x00000000c6900000, 0x00000000c6900000| Untracked 
| 106|0x00000000c6a00000, 0x00000000c6ab5200, 0x00000000c6b00000| 70%| O|  |TAMS 0x00000000c6ab5200, 0x00000000c6a00000| Untracked 
| 107|0x00000000c6b00000, 0x00000000c6b00000, 0x00000000c6c00000|  0%| F|  |TAMS 0x00000000c6b00000, 0x00000000c6b00000| Untracked 
| 108|0x00000000c6c00000, 0x00000000c6c00000, 0x00000000c6d00000|  0%| F|  |TAMS 0x00000000c6c00000, 0x00000000c6c00000| Untracked 
| 109|0x00000000c6d00000, 0x00000000c6d00000, 0x00000000c6e00000|  0%| F|  |TAMS 0x00000000c6d00000, 0x00000000c6d00000| Untracked 
| 110|0x00000000c6e00000, 0x00000000c6e00000, 0x00000000c6f00000|  0%| F|  |TAMS 0x00000000c6e00000, 0x00000000c6e00000| Untracked 
| 111|0x00000000c6f00000, 0x00000000c6f00000, 0x00000000c7000000|  0%| F|  |TAMS 0x00000000c6f00000, 0x00000000c6f00000| Untracked 
| 112|0x00000000c7000000, 0x00000000c7000000, 0x00000000c7100000|  0%| F|  |TAMS 0x00000000c7000000, 0x00000000c7000000| Untracked 
| 113|0x00000000c7100000, 0x00000000c7100000, 0x00000000c7200000|  0%| F|  |TAMS 0x00000000c7100000, 0x00000000c7100000| Untracked 
| 114|0x00000000c7200000, 0x00000000c7200000, 0x00000000c7300000|  0%| F|  |TAMS 0x00000000c7200000, 0x00000000c7200000| Untracked 
| 115|0x00000000c7300000, 0x00000000c7300000, 0x00000000c7400000|  0%| F|  |TAMS 0x00000000c7300000, 0x00000000c7300000| Untracked 
| 116|0x00000000c7400000, 0x00000000c7400000, 0x00000000c7500000|  0%| F|  |TAMS 0x00000000c7400000, 0x00000000c7400000| Untracked 
| 117|0x00000000c7500000, 0x00000000c7500000, 0x00000000c7600000|  0%| F|  |TAMS 0x00000000c7500000, 0x00000000c7500000| Untracked 
| 118|0x00000000c7600000, 0x00000000c7600000, 0x00000000c7700000|  0%| F|  |TAMS 0x00000000c7600000, 0x00000000c7600000| Untracked 
| 119|0x00000000c7700000, 0x00000000c7700000, 0x00000000c7800000|  0%| F|  |TAMS 0x00000000c7700000, 0x00000000c7700000| Untracked 
| 120|0x00000000c7800000, 0x00000000c7800000, 0x00000000c7900000|  0%| F|  |TAMS 0x00000000c7800000, 0x00000000c7800000| Untracked 
| 121|0x00000000c7900000, 0x00000000c7900000, 0x00000000c7a00000|  0%| F|  |TAMS 0x00000000c7900000, 0x00000000c7900000| Untracked 
| 122|0x00000000c7a00000, 0x00000000c7a00000, 0x00000000c7b00000|  0%| F|  |TAMS 0x00000000c7a00000, 0x00000000c7a00000| Untracked 
| 123|0x00000000c7b00000, 0x00000000c7b00000, 0x00000000c7c00000|  0%| F|  |TAMS 0x00000000c7b00000, 0x00000000c7b00000| Untracked 
| 124|0x00000000c7c00000, 0x00000000c7c00000, 0x00000000c7d00000|  0%| F|  |TAMS 0x00000000c7c00000, 0x00000000c7c00000| Untracked 
| 125|0x00000000c7d00000, 0x00000000c7d00000, 0x00000000c7e00000|  0%| F|  |TAMS 0x00000000c7d00000, 0x00000000c7d00000| Untracked 
| 126|0x00000000c7e00000, 0x00000000c7e00000, 0x00000000c7f00000|  0%| F|  |TAMS 0x00000000c7e00000, 0x00000000c7e00000| Untracked 
| 127|0x00000000c7f00000, 0x00000000c7f00000, 0x00000000c8000000|  0%| F|  |TAMS 0x00000000c7f00000, 0x00000000c7f00000| Untracked 
| 128|0x00000000c8000000, 0x00000000c8000000, 0x00000000c8100000|  0%| F|  |TAMS 0x00000000c8000000, 0x00000000c8000000| Untracked 
| 129|0x00000000c8100000, 0x00000000c8100000, 0x00000000c8200000|  0%| F|  |TAMS 0x00000000c8100000, 0x00000000c8100000| Untracked 
| 130|0x00000000c8200000, 0x00000000c8200000, 0x00000000c8300000|  0%| F|  |TAMS 0x00000000c8200000, 0x00000000c8200000| Untracked 
| 131|0x00000000c8300000, 0x00000000c8300000, 0x00000000c8400000|  0%| F|  |TAMS 0x00000000c8300000, 0x00000000c8300000| Untracked 
| 132|0x00000000c8400000, 0x00000000c8400000, 0x00000000c8500000|  0%| F|  |TAMS 0x00000000c8400000, 0x00000000c8400000| Untracked 
| 133|0x00000000c8500000, 0x00000000c8500000, 0x00000000c8600000|  0%| F|  |TAMS 0x00000000c8500000, 0x00000000c8500000| Untracked 
| 134|0x00000000c8600000, 0x00000000c8600000, 0x00000000c8700000|  0%| F|  |TAMS 0x00000000c8600000, 0x00000000c8600000| Untracked 
| 135|0x00000000c8700000, 0x00000000c8700000, 0x00000000c8800000|  0%| F|  |TAMS 0x00000000c8700000, 0x00000000c8700000| Untracked 
| 136|0x00000000c8800000, 0x00000000c8800000, 0x00000000c8900000|  0%| F|  |TAMS 0x00000000c8800000, 0x00000000c8800000| Untracked 
| 137|0x00000000c8900000, 0x00000000c8900000, 0x00000000c8a00000|  0%| F|  |TAMS 0x00000000c8900000, 0x00000000c8900000| Untracked 
| 138|0x00000000c8a00000, 0x00000000c8a00000, 0x00000000c8b00000|  0%| F|  |TAMS 0x00000000c8a00000, 0x00000000c8a00000| Untracked 
| 139|0x00000000c8b00000, 0x00000000c8b00000, 0x00000000c8c00000|  0%| F|  |TAMS 0x00000000c8b00000, 0x00000000c8b00000| Untracked 
| 140|0x00000000c8c00000, 0x00000000c8c00000, 0x00000000c8d00000|  0%| F|  |TAMS 0x00000000c8c00000, 0x00000000c8c00000| Untracked 
| 141|0x00000000c8d00000, 0x00000000c8d00000, 0x00000000c8e00000|  0%| F|  |TAMS 0x00000000c8d00000, 0x00000000c8d00000| Untracked 
| 142|0x00000000c8e00000, 0x00000000c8e00000, 0x00000000c8f00000|  0%| F|  |TAMS 0x00000000c8e00000, 0x00000000c8e00000| Untracked 
| 143|0x00000000c8f00000, 0x00000000c8f00000, 0x00000000c9000000|  0%| F|  |TAMS 0x00000000c8f00000, 0x00000000c8f00000| Untracked 
| 144|0x00000000c9000000, 0x00000000c9000000, 0x00000000c9100000|  0%| F|  |TAMS 0x00000000c9000000, 0x00000000c9000000| Untracked 
| 145|0x00000000c9100000, 0x00000000c9100000, 0x00000000c9200000|  0%| F|  |TAMS 0x00000000c9100000, 0x00000000c9100000| Untracked 
| 146|0x00000000c9200000, 0x00000000c9200000, 0x00000000c9300000|  0%| F|  |TAMS 0x00000000c9200000, 0x00000000c9200000| Untracked 
| 147|0x00000000c9300000, 0x00000000c9300000, 0x00000000c9400000|  0%| F|  |TAMS 0x00000000c9300000, 0x00000000c9300000| Untracked 
| 148|0x00000000c9400000, 0x00000000c9400000, 0x00000000c9500000|  0%| F|  |TAMS 0x00000000c9400000, 0x00000000c9400000| Untracked 
| 149|0x00000000c9500000, 0x00000000c9500000, 0x00000000c9600000|  0%| F|  |TAMS 0x00000000c9500000, 0x00000000c9500000| Untracked 
| 150|0x00000000c9600000, 0x00000000c9600000, 0x00000000c9700000|  0%| F|  |TAMS 0x00000000c9600000, 0x00000000c9600000| Untracked 
| 151|0x00000000c9700000, 0x00000000c9700000, 0x00000000c9800000|  0%| F|  |TAMS 0x00000000c9700000, 0x00000000c9700000| Untracked 
| 152|0x00000000c9800000, 0x00000000c9800000, 0x00000000c9900000|  0%| F|  |TAMS 0x00000000c9800000, 0x00000000c9800000| Untracked 
| 153|0x00000000c9900000, 0x00000000c9900000, 0x00000000c9a00000|  0%| F|  |TAMS 0x00000000c9900000, 0x00000000c9900000| Untracked 
| 154|0x00000000c9a00000, 0x00000000c9a00000, 0x00000000c9b00000|  0%| F|  |TAMS 0x00000000c9a00000, 0x00000000c9a00000| Untracked 
| 155|0x00000000c9b00000, 0x00000000c9b00000, 0x00000000c9c00000|  0%| F|  |TAMS 0x00000000c9b00000, 0x00000000c9b00000| Untracked 
| 156|0x00000000c9c00000, 0x00000000c9c00000, 0x00000000c9d00000|  0%| F|  |TAMS 0x00000000c9c00000, 0x00000000c9c00000| Untracked 
| 157|0x00000000c9d00000, 0x00000000c9d00000, 0x00000000c9e00000|  0%| F|  |TAMS 0x00000000c9d00000, 0x00000000c9d00000| Untracked 
| 158|0x00000000c9e00000, 0x00000000c9e00000, 0x00000000c9f00000|  0%| F|  |TAMS 0x00000000c9e00000, 0x00000000c9e00000| Untracked 
| 159|0x00000000c9f00000, 0x00000000c9f00000, 0x00000000ca000000|  0%| F|  |TAMS 0x00000000c9f00000, 0x00000000c9f00000| Untracked 
| 160|0x00000000ca000000, 0x00000000ca000000, 0x00000000ca100000|  0%| F|  |TAMS 0x00000000ca000000, 0x00000000ca000000| Untracked 
| 161|0x00000000ca100000, 0x00000000ca100000, 0x00000000ca200000|  0%| F|  |TAMS 0x00000000ca100000, 0x00000000ca100000| Untracked 
| 162|0x00000000ca200000, 0x00000000ca200000, 0x00000000ca300000|  0%| F|  |TAMS 0x00000000ca200000, 0x00000000ca200000| Untracked 
| 163|0x00000000ca300000, 0x00000000ca300000, 0x00000000ca400000|  0%| F|  |TAMS 0x00000000ca300000, 0x00000000ca300000| Untracked 
| 164|0x00000000ca400000, 0x00000000ca400000, 0x00000000ca500000|  0%| F|  |TAMS 0x00000000ca400000, 0x00000000ca400000| Untracked 
| 165|0x00000000ca500000, 0x00000000ca500000, 0x00000000ca600000|  0%| F|  |TAMS 0x00000000ca500000, 0x00000000ca500000| Untracked 
| 166|0x00000000ca600000, 0x00000000ca600000, 0x00000000ca700000|  0%| F|  |TAMS 0x00000000ca600000, 0x00000000ca600000| Untracked 
| 167|0x00000000ca700000, 0x00000000ca700000, 0x00000000ca800000|  0%| F|  |TAMS 0x00000000ca700000, 0x00000000ca700000| Untracked 
| 168|0x00000000ca800000, 0x00000000ca800000, 0x00000000ca900000|  0%| F|  |TAMS 0x00000000ca800000, 0x00000000ca800000| Untracked 
| 169|0x00000000ca900000, 0x00000000ca900000, 0x00000000caa00000|  0%| F|  |TAMS 0x00000000ca900000, 0x00000000ca900000| Untracked 
| 170|0x00000000caa00000, 0x00000000caa00000, 0x00000000cab00000|  0%| F|  |TAMS 0x00000000caa00000, 0x00000000caa00000| Untracked 
| 171|0x00000000cab00000, 0x00000000cab00000, 0x00000000cac00000|  0%| F|  |TAMS 0x00000000cab00000, 0x00000000cab00000| Untracked 
| 172|0x00000000cac00000, 0x00000000cac00000, 0x00000000cad00000|  0%| F|  |TAMS 0x00000000cac00000, 0x00000000cac00000| Untracked 
| 173|0x00000000cad00000, 0x00000000cad00000, 0x00000000cae00000|  0%| F|  |TAMS 0x00000000cad00000, 0x00000000cad00000| Untracked 
| 174|0x00000000cae00000, 0x00000000cae00000, 0x00000000caf00000|  0%| F|  |TAMS 0x00000000cae00000, 0x00000000cae00000| Untracked 
| 175|0x00000000caf00000, 0x00000000caf00000, 0x00000000cb000000|  0%| F|  |TAMS 0x00000000caf00000, 0x00000000caf00000| Untracked 
| 176|0x00000000cb000000, 0x00000000cb000000, 0x00000000cb100000|  0%| F|  |TAMS 0x00000000cb000000, 0x00000000cb000000| Untracked 
| 177|0x00000000cb100000, 0x00000000cb100000, 0x00000000cb200000|  0%| F|  |TAMS 0x00000000cb100000, 0x00000000cb100000| Untracked 
| 178|0x00000000cb200000, 0x00000000cb200000, 0x00000000cb300000|  0%| F|  |TAMS 0x00000000cb200000, 0x00000000cb200000| Untracked 
| 179|0x00000000cb300000, 0x00000000cb300000, 0x00000000cb400000|  0%| F|  |TAMS 0x00000000cb300000, 0x00000000cb300000| Untracked 
| 180|0x00000000cb400000, 0x00000000cb400000, 0x00000000cb500000|  0%| F|  |TAMS 0x00000000cb400000, 0x00000000cb400000| Untracked 
| 181|0x00000000cb500000, 0x00000000cb500000, 0x00000000cb600000|  0%| F|  |TAMS 0x00000000cb500000, 0x00000000cb500000| Untracked 
| 182|0x00000000cb600000, 0x00000000cb600000, 0x00000000cb700000|  0%| F|  |TAMS 0x00000000cb600000, 0x00000000cb600000| Untracked 
| 183|0x00000000cb700000, 0x00000000cb700000, 0x00000000cb800000|  0%| F|  |TAMS 0x00000000cb700000, 0x00000000cb700000| Untracked 
| 184|0x00000000cb800000, 0x00000000cb800000, 0x00000000cb900000|  0%| F|  |TAMS 0x00000000cb800000, 0x00000000cb800000| Untracked 
| 185|0x00000000cb900000, 0x00000000cb900000, 0x00000000cba00000|  0%| F|  |TAMS 0x00000000cb900000, 0x00000000cb900000| Untracked 
| 186|0x00000000cba00000, 0x00000000cba00000, 0x00000000cbb00000|  0%| F|  |TAMS 0x00000000cba00000, 0x00000000cba00000| Untracked 
| 187|0x00000000cbb00000, 0x00000000cbb00000, 0x00000000cbc00000|  0%| F|  |TAMS 0x00000000cbb00000, 0x00000000cbb00000| Untracked 
| 188|0x00000000cbc00000, 0x00000000cbc00000, 0x00000000cbd00000|  0%| F|  |TAMS 0x00000000cbc00000, 0x00000000cbc00000| Untracked 
| 189|0x00000000cbd00000, 0x00000000cbd00000, 0x00000000cbe00000|  0%| F|  |TAMS 0x00000000cbd00000, 0x00000000cbd00000| Untracked 
| 190|0x00000000cbe00000, 0x00000000cbe00000, 0x00000000cbf00000|  0%| F|  |TAMS 0x00000000cbe00000, 0x00000000cbe00000| Untracked 
| 191|0x00000000cbf00000, 0x00000000cbf00000, 0x00000000cc000000|  0%| F|  |TAMS 0x00000000cbf00000, 0x00000000cbf00000| Untracked 
| 192|0x00000000cc000000, 0x00000000cc000000, 0x00000000cc100000|  0%| F|  |TAMS 0x00000000cc000000, 0x00000000cc000000| Untracked 
| 193|0x00000000cc100000, 0x00000000cc100000, 0x00000000cc200000|  0%| F|  |TAMS 0x00000000cc100000, 0x00000000cc100000| Untracked 
| 194|0x00000000cc200000, 0x00000000cc200000, 0x00000000cc300000|  0%| F|  |TAMS 0x00000000cc200000, 0x00000000cc200000| Untracked 
| 195|0x00000000cc300000, 0x00000000cc300000, 0x00000000cc400000|  0%| F|  |TAMS 0x00000000cc300000, 0x00000000cc300000| Untracked 
| 196|0x00000000cc400000, 0x00000000cc400000, 0x00000000cc500000|  0%| F|  |TAMS 0x00000000cc400000, 0x00000000cc400000| Untracked 
| 197|0x00000000cc500000, 0x00000000cc500000, 0x00000000cc600000|  0%| F|  |TAMS 0x00000000cc500000, 0x00000000cc500000| Untracked 
| 198|0x00000000cc600000, 0x00000000cc600000, 0x00000000cc700000|  0%| F|  |TAMS 0x00000000cc600000, 0x00000000cc600000| Untracked 
| 199|0x00000000cc700000, 0x00000000cc700000, 0x00000000cc800000|  0%| F|  |TAMS 0x00000000cc700000, 0x00000000cc700000| Untracked 
| 200|0x00000000cc800000, 0x00000000cc800000, 0x00000000cc900000|  0%| F|  |TAMS 0x00000000cc800000, 0x00000000cc800000| Untracked 
| 201|0x00000000cc900000, 0x00000000cc900000, 0x00000000cca00000|  0%| F|  |TAMS 0x00000000cc900000, 0x00000000cc900000| Untracked 
| 202|0x00000000cca00000, 0x00000000cca00000, 0x00000000ccb00000|  0%| F|  |TAMS 0x00000000cca00000, 0x00000000cca00000| Untracked 
| 203|0x00000000ccb00000, 0x00000000ccb00000, 0x00000000ccc00000|  0%| F|  |TAMS 0x00000000ccb00000, 0x00000000ccb00000| Untracked 
| 204|0x00000000ccc00000, 0x00000000ccc00000, 0x00000000ccd00000|  0%| F|  |TAMS 0x00000000ccc00000, 0x00000000ccc00000| Untracked 
| 205|0x00000000ccd00000, 0x00000000ccd00000, 0x00000000cce00000|  0%| F|  |TAMS 0x00000000ccd00000, 0x00000000ccd00000| Untracked 
| 206|0x00000000cce00000, 0x00000000cce00000, 0x00000000ccf00000|  0%| F|  |TAMS 0x00000000cce00000, 0x00000000cce00000| Untracked 
| 207|0x00000000ccf00000, 0x00000000ccf00000, 0x00000000cd000000|  0%| F|  |TAMS 0x00000000ccf00000, 0x00000000ccf00000| Untracked 
| 208|0x00000000cd000000, 0x00000000cd000000, 0x00000000cd100000|  0%| F|  |TAMS 0x00000000cd000000, 0x00000000cd000000| Untracked 
| 209|0x00000000cd100000, 0x00000000cd100000, 0x00000000cd200000|  0%| F|  |TAMS 0x00000000cd100000, 0x00000000cd100000| Untracked 
| 210|0x00000000cd200000, 0x00000000cd200000, 0x00000000cd300000|  0%| F|  |TAMS 0x00000000cd200000, 0x00000000cd200000| Untracked 
| 211|0x00000000cd300000, 0x00000000cd300000, 0x00000000cd400000|  0%| F|  |TAMS 0x00000000cd300000, 0x00000000cd300000| Untracked 
| 212|0x00000000cd400000, 0x00000000cd400000, 0x00000000cd500000|  0%| F|  |TAMS 0x00000000cd400000, 0x00000000cd400000| Untracked 
| 213|0x00000000cd500000, 0x00000000cd500000, 0x00000000cd600000|  0%| F|  |TAMS 0x00000000cd500000, 0x00000000cd500000| Untracked 
| 214|0x00000000cd600000, 0x00000000cd600000, 0x00000000cd700000|  0%| F|  |TAMS 0x00000000cd600000, 0x00000000cd600000| Untracked 
| 215|0x00000000cd700000, 0x00000000cd700000, 0x00000000cd800000|  0%| F|  |TAMS 0x00000000cd700000, 0x00000000cd700000| Untracked 
| 216|0x00000000cd800000, 0x00000000cd800000, 0x00000000cd900000|  0%| F|  |TAMS 0x00000000cd800000, 0x00000000cd800000| Untracked 
| 217|0x00000000cd900000, 0x00000000cd900000, 0x00000000cda00000|  0%| F|  |TAMS 0x00000000cd900000, 0x00000000cd900000| Untracked 
| 218|0x00000000cda00000, 0x00000000cda00000, 0x00000000cdb00000|  0%| F|  |TAMS 0x00000000cda00000, 0x00000000cda00000| Untracked 
| 219|0x00000000cdb00000, 0x00000000cdb00000, 0x00000000cdc00000|  0%| F|  |TAMS 0x00000000cdb00000, 0x00000000cdb00000| Untracked 
| 220|0x00000000cdc00000, 0x00000000cdc00000, 0x00000000cdd00000|  0%| F|  |TAMS 0x00000000cdc00000, 0x00000000cdc00000| Untracked 
| 221|0x00000000cdd00000, 0x00000000cdd00000, 0x00000000cde00000|  0%| F|  |TAMS 0x00000000cdd00000, 0x00000000cdd00000| Untracked 
| 222|0x00000000cde00000, 0x00000000cde00000, 0x00000000cdf00000|  0%| F|  |TAMS 0x00000000cde00000, 0x00000000cde00000| Untracked 
| 223|0x00000000cdf00000, 0x00000000cdf00000, 0x00000000ce000000|  0%| F|  |TAMS 0x00000000cdf00000, 0x00000000cdf00000| Untracked 
| 224|0x00000000ce000000, 0x00000000ce000000, 0x00000000ce100000|  0%| F|  |TAMS 0x00000000ce000000, 0x00000000ce000000| Untracked 
| 225|0x00000000ce100000, 0x00000000ce100000, 0x00000000ce200000|  0%| F|  |TAMS 0x00000000ce100000, 0x00000000ce100000| Untracked 
| 226|0x00000000ce200000, 0x00000000ce200000, 0x00000000ce300000|  0%| F|  |TAMS 0x00000000ce200000, 0x00000000ce200000| Untracked 
| 227|0x00000000ce300000, 0x00000000ce300000, 0x00000000ce400000|  0%| F|  |TAMS 0x00000000ce300000, 0x00000000ce300000| Untracked 
| 228|0x00000000ce400000, 0x00000000ce400000, 0x00000000ce500000|  0%| F|  |TAMS 0x00000000ce400000, 0x00000000ce400000| Untracked 
| 229|0x00000000ce500000, 0x00000000ce500000, 0x00000000ce600000|  0%| F|  |TAMS 0x00000000ce500000, 0x00000000ce500000| Untracked 
| 230|0x00000000ce600000, 0x00000000ce600000, 0x00000000ce700000|  0%| F|  |TAMS 0x00000000ce600000, 0x00000000ce600000| Untracked 
| 231|0x00000000ce700000, 0x00000000ce700000, 0x00000000ce800000|  0%| F|  |TAMS 0x00000000ce700000, 0x00000000ce700000| Untracked 
| 232|0x00000000ce800000, 0x00000000ce800000, 0x00000000ce900000|  0%| F|  |TAMS 0x00000000ce800000, 0x00000000ce800000| Untracked 
| 233|0x00000000ce900000, 0x00000000ce900000, 0x00000000cea00000|  0%| F|  |TAMS 0x00000000ce900000, 0x00000000ce900000| Untracked 
| 234|0x00000000cea00000, 0x00000000cea00000, 0x00000000ceb00000|  0%| F|  |TAMS 0x00000000cea00000, 0x00000000cea00000| Untracked 
| 235|0x00000000ceb00000, 0x00000000ceb00000, 0x00000000cec00000|  0%| F|  |TAMS 0x00000000ceb00000, 0x00000000ceb00000| Untracked 
| 236|0x00000000cec00000, 0x00000000cec00000, 0x00000000ced00000|  0%| F|  |TAMS 0x00000000cec00000, 0x00000000cec00000| Untracked 
| 237|0x00000000ced00000, 0x00000000ced00000, 0x00000000cee00000|  0%| F|  |TAMS 0x00000000ced00000, 0x00000000ced00000| Untracked 
| 238|0x00000000cee00000, 0x00000000cee00000, 0x00000000cef00000|  0%| F|  |TAMS 0x00000000cee00000, 0x00000000cee00000| Untracked 
| 239|0x00000000cef00000, 0x00000000cef00000, 0x00000000cf000000|  0%| F|  |TAMS 0x00000000cef00000, 0x00000000cef00000| Untracked 
| 240|0x00000000cf000000, 0x00000000cf000000, 0x00000000cf100000|  0%| F|  |TAMS 0x00000000cf000000, 0x00000000cf000000| Untracked 
| 241|0x00000000cf100000, 0x00000000cf100000, 0x00000000cf200000|  0%| F|  |TAMS 0x00000000cf100000, 0x00000000cf100000| Untracked 
| 242|0x00000000cf200000, 0x00000000cf200000, 0x00000000cf300000|  0%| F|  |TAMS 0x00000000cf200000, 0x00000000cf200000| Untracked 
| 243|0x00000000cf300000, 0x00000000cf300000, 0x00000000cf400000|  0%| F|  |TAMS 0x00000000cf300000, 0x00000000cf300000| Untracked 
| 244|0x00000000cf400000, 0x00000000cf400000, 0x00000000cf500000|  0%| F|  |TAMS 0x00000000cf400000, 0x00000000cf400000| Untracked 
| 245|0x00000000cf500000, 0x00000000cf500000, 0x00000000cf600000|  0%| F|  |TAMS 0x00000000cf500000, 0x00000000cf500000| Untracked 
| 246|0x00000000cf600000, 0x00000000cf600000, 0x00000000cf700000|  0%| F|  |TAMS 0x00000000cf600000, 0x00000000cf600000| Untracked 
| 247|0x00000000cf700000, 0x00000000cf700000, 0x00000000cf800000|  0%| F|  |TAMS 0x00000000cf700000, 0x00000000cf700000| Untracked 
| 248|0x00000000cf800000, 0x00000000cf800000, 0x00000000cf900000|  0%| F|  |TAMS 0x00000000cf800000, 0x00000000cf800000| Untracked 
| 249|0x00000000cf900000, 0x00000000cf900000, 0x00000000cfa00000|  0%| F|  |TAMS 0x00000000cf900000, 0x00000000cf900000| Untracked 
| 250|0x00000000cfa00000, 0x00000000cfa00000, 0x00000000cfb00000|  0%| F|  |TAMS 0x00000000cfa00000, 0x00000000cfa00000| Untracked 
| 251|0x00000000cfb00000, 0x00000000cfb00000, 0x00000000cfc00000|  0%| F|  |TAMS 0x00000000cfb00000, 0x00000000cfb00000| Untracked 
| 252|0x00000000cfc00000, 0x00000000cfc00000, 0x00000000cfd00000|  0%| F|  |TAMS 0x00000000cfc00000, 0x00000000cfc00000| Untracked 
| 253|0x00000000cfd00000, 0x00000000cfd00000, 0x00000000cfe00000|  0%| F|  |TAMS 0x00000000cfd00000, 0x00000000cfd00000| Untracked 
| 254|0x00000000cfe00000, 0x00000000cfe00000, 0x00000000cff00000|  0%| F|  |TAMS 0x00000000cfe00000, 0x00000000cfe00000| Untracked 
| 255|0x00000000cff00000, 0x00000000cff00000, 0x00000000d0000000|  0%| F|  |TAMS 0x00000000cff00000, 0x00000000cff00000| Untracked 
| 256|0x00000000d0000000, 0x00000000d0000000, 0x00000000d0100000|  0%| F|  |TAMS 0x00000000d0000000, 0x00000000d0000000| Untracked 
| 257|0x00000000d0100000, 0x00000000d0100000, 0x00000000d0200000|  0%| F|  |TAMS 0x00000000d0100000, 0x00000000d0100000| Untracked 
| 258|0x00000000d0200000, 0x00000000d0200000, 0x00000000d0300000|  0%| F|  |TAMS 0x00000000d0200000, 0x00000000d0200000| Untracked 
| 259|0x00000000d0300000, 0x00000000d0300000, 0x00000000d0400000|  0%| F|  |TAMS 0x00000000d0300000, 0x00000000d0300000| Untracked 
| 260|0x00000000d0400000, 0x00000000d0400000, 0x00000000d0500000|  0%| F|  |TAMS 0x00000000d0400000, 0x00000000d0400000| Untracked 
| 261|0x00000000d0500000, 0x00000000d0500000, 0x00000000d0600000|  0%| F|  |TAMS 0x00000000d0500000, 0x00000000d0500000| Untracked 
| 262|0x00000000d0600000, 0x00000000d0600000, 0x00000000d0700000|  0%| F|  |TAMS 0x00000000d0600000, 0x00000000d0600000| Untracked 
| 263|0x00000000d0700000, 0x00000000d0700000, 0x00000000d0800000|  0%| F|  |TAMS 0x00000000d0700000, 0x00000000d0700000| Untracked 
| 264|0x00000000d0800000, 0x00000000d0800000, 0x00000000d0900000|  0%| F|  |TAMS 0x00000000d0800000, 0x00000000d0800000| Untracked 
| 265|0x00000000d0900000, 0x00000000d0900000, 0x00000000d0a00000|  0%| F|  |TAMS 0x00000000d0900000, 0x00000000d0900000| Untracked 
| 266|0x00000000d0a00000, 0x00000000d0a00000, 0x00000000d0b00000|  0%| F|  |TAMS 0x00000000d0a00000, 0x00000000d0a00000| Untracked 
| 267|0x00000000d0b00000, 0x00000000d0b00000, 0x00000000d0c00000|  0%| F|  |TAMS 0x00000000d0b00000, 0x00000000d0b00000| Untracked 
| 268|0x00000000d0c00000, 0x00000000d0c00000, 0x00000000d0d00000|  0%| F|  |TAMS 0x00000000d0c00000, 0x00000000d0c00000| Untracked 
| 269|0x00000000d0d00000, 0x00000000d0d00000, 0x00000000d0e00000|  0%| F|  |TAMS 0x00000000d0d00000, 0x00000000d0d00000| Untracked 
| 270|0x00000000d0e00000, 0x00000000d0e00000, 0x00000000d0f00000|  0%| F|  |TAMS 0x00000000d0e00000, 0x00000000d0e00000| Untracked 
| 271|0x00000000d0f00000, 0x00000000d0f00000, 0x00000000d1000000|  0%| F|  |TAMS 0x00000000d0f00000, 0x00000000d0f00000| Untracked 
| 272|0x00000000d1000000, 0x00000000d1000000, 0x00000000d1100000|  0%| F|  |TAMS 0x00000000d1000000, 0x00000000d1000000| Untracked 
| 273|0x00000000d1100000, 0x00000000d1100000, 0x00000000d1200000|  0%| F|  |TAMS 0x00000000d1100000, 0x00000000d1100000| Untracked 
| 274|0x00000000d1200000, 0x00000000d1200000, 0x00000000d1300000|  0%| F|  |TAMS 0x00000000d1200000, 0x00000000d1200000| Untracked 
| 275|0x00000000d1300000, 0x00000000d1300000, 0x00000000d1400000|  0%| F|  |TAMS 0x00000000d1300000, 0x00000000d1300000| Untracked 
| 276|0x00000000d1400000, 0x00000000d1400000, 0x00000000d1500000|  0%| F|  |TAMS 0x00000000d1400000, 0x00000000d1400000| Untracked 
| 277|0x00000000d1500000, 0x00000000d1500000, 0x00000000d1600000|  0%| F|  |TAMS 0x00000000d1500000, 0x00000000d1500000| Untracked 
| 278|0x00000000d1600000, 0x00000000d1600000, 0x00000000d1700000|  0%| F|  |TAMS 0x00000000d1600000, 0x00000000d1600000| Untracked 
| 279|0x00000000d1700000, 0x00000000d1700000, 0x00000000d1800000|  0%| F|  |TAMS 0x00000000d1700000, 0x00000000d1700000| Untracked 
| 280|0x00000000d1800000, 0x00000000d1800000, 0x00000000d1900000|  0%| F|  |TAMS 0x00000000d1800000, 0x00000000d1800000| Untracked 
| 281|0x00000000d1900000, 0x00000000d1900000, 0x00000000d1a00000|  0%| F|  |TAMS 0x00000000d1900000, 0x00000000d1900000| Untracked 
| 282|0x00000000d1a00000, 0x00000000d1a00000, 0x00000000d1b00000|  0%| F|  |TAMS 0x00000000d1a00000, 0x00000000d1a00000| Untracked 
| 283|0x00000000d1b00000, 0x00000000d1b00000, 0x00000000d1c00000|  0%| F|  |TAMS 0x00000000d1b00000, 0x00000000d1b00000| Untracked 
| 284|0x00000000d1c00000, 0x00000000d1c00000, 0x00000000d1d00000|  0%| F|  |TAMS 0x00000000d1c00000, 0x00000000d1c00000| Untracked 
| 285|0x00000000d1d00000, 0x00000000d1d00000, 0x00000000d1e00000|  0%| F|  |TAMS 0x00000000d1d00000, 0x00000000d1d00000| Untracked 
| 286|0x00000000d1e00000, 0x00000000d1e00000, 0x00000000d1f00000|  0%| F|  |TAMS 0x00000000d1e00000, 0x00000000d1e00000| Untracked 
| 287|0x00000000d1f00000, 0x00000000d1f00000, 0x00000000d2000000|  0%| F|  |TAMS 0x00000000d1f00000, 0x00000000d1f00000| Untracked 
| 288|0x00000000d2000000, 0x00000000d2000000, 0x00000000d2100000|  0%| F|  |TAMS 0x00000000d2000000, 0x00000000d2000000| Untracked 
| 289|0x00000000d2100000, 0x00000000d2100000, 0x00000000d2200000|  0%| F|  |TAMS 0x00000000d2100000, 0x00000000d2100000| Untracked 
| 290|0x00000000d2200000, 0x00000000d2200000, 0x00000000d2300000|  0%| F|  |TAMS 0x00000000d2200000, 0x00000000d2200000| Untracked 
| 291|0x00000000d2300000, 0x00000000d2300000, 0x00000000d2400000|  0%| F|  |TAMS 0x00000000d2300000, 0x00000000d2300000| Untracked 
| 292|0x00000000d2400000, 0x00000000d2400000, 0x00000000d2500000|  0%| F|  |TAMS 0x00000000d2400000, 0x00000000d2400000| Untracked 
| 293|0x00000000d2500000, 0x00000000d2500000, 0x00000000d2600000|  0%| F|  |TAMS 0x00000000d2500000, 0x00000000d2500000| Untracked 
| 294|0x00000000d2600000, 0x00000000d26d66b0, 0x00000000d2700000| 83%| S|CS|TAMS 0x00000000d2600000, 0x00000000d2600000| Complete 
| 295|0x00000000d2700000, 0x00000000d2800000, 0x00000000d2800000|100%| S|CS|TAMS 0x00000000d2700000, 0x00000000d2700000| Complete 
| 296|0x00000000d2800000, 0x00000000d2900000, 0x00000000d2900000|100%| S|CS|TAMS 0x00000000d2800000, 0x00000000d2800000| Complete 
| 297|0x00000000d2900000, 0x00000000d2a00000, 0x00000000d2a00000|100%| S|CS|TAMS 0x00000000d2900000, 0x00000000d2900000| Complete 
| 298|0x00000000d2a00000, 0x00000000d2b00000, 0x00000000d2b00000|100%| S|CS|TAMS 0x00000000d2a00000, 0x00000000d2a00000| Complete 
| 299|0x00000000d2b00000, 0x00000000d2c00000, 0x00000000d2c00000|100%| S|CS|TAMS 0x00000000d2b00000, 0x00000000d2b00000| Complete 
| 300|0x00000000d2c00000, 0x00000000d2c00000, 0x00000000d2d00000|  0%| F|  |TAMS 0x00000000d2c00000, 0x00000000d2c00000| Untracked 
| 301|0x00000000d2d00000, 0x00000000d2d00000, 0x00000000d2e00000|  0%| F|  |TAMS 0x00000000d2d00000, 0x00000000d2d00000| Untracked 
| 302|0x00000000d2e00000, 0x00000000d2e00000, 0x00000000d2f00000|  0%| F|  |TAMS 0x00000000d2e00000, 0x00000000d2e00000| Untracked 
| 303|0x00000000d2f00000, 0x00000000d2f00000, 0x00000000d3000000|  0%| F|  |TAMS 0x00000000d2f00000, 0x00000000d2f00000| Untracked 
| 304|0x00000000d3000000, 0x00000000d3000000, 0x00000000d3100000|  0%| F|  |TAMS 0x00000000d3000000, 0x00000000d3000000| Untracked 
| 305|0x00000000d3100000, 0x00000000d3100000, 0x00000000d3200000|  0%| F|  |TAMS 0x00000000d3100000, 0x00000000d3100000| Untracked 
| 306|0x00000000d3200000, 0x00000000d3200000, 0x00000000d3300000|  0%| F|  |TAMS 0x00000000d3200000, 0x00000000d3200000| Untracked 
| 307|0x00000000d3300000, 0x00000000d3300000, 0x00000000d3400000|  0%| F|  |TAMS 0x00000000d3300000, 0x00000000d3300000| Untracked 
| 308|0x00000000d3400000, 0x00000000d3400000, 0x00000000d3500000|  0%| F|  |TAMS 0x00000000d3400000, 0x00000000d3400000| Untracked 
| 309|0x00000000d3500000, 0x00000000d3500000, 0x00000000d3600000|  0%| F|  |TAMS 0x00000000d3500000, 0x00000000d3500000| Untracked 
| 310|0x00000000d3600000, 0x00000000d3600000, 0x00000000d3700000|  0%| F|  |TAMS 0x00000000d3600000, 0x00000000d3600000| Untracked 
| 311|0x00000000d3700000, 0x00000000d3700000, 0x00000000d3800000|  0%| F|  |TAMS 0x00000000d3700000, 0x00000000d3700000| Untracked 
| 312|0x00000000d3800000, 0x00000000d3800000, 0x00000000d3900000|  0%| F|  |TAMS 0x00000000d3800000, 0x00000000d3800000| Untracked 
| 313|0x00000000d3900000, 0x00000000d3900000, 0x00000000d3a00000|  0%| F|  |TAMS 0x00000000d3900000, 0x00000000d3900000| Untracked 
| 314|0x00000000d3a00000, 0x00000000d3a00000, 0x00000000d3b00000|  0%| F|  |TAMS 0x00000000d3a00000, 0x00000000d3a00000| Untracked 
| 315|0x00000000d3b00000, 0x00000000d3b00000, 0x00000000d3c00000|  0%| F|  |TAMS 0x00000000d3b00000, 0x00000000d3b00000| Untracked 
| 316|0x00000000d3c00000, 0x00000000d3c00000, 0x00000000d3d00000|  0%| F|  |TAMS 0x00000000d3c00000, 0x00000000d3c00000| Untracked 
| 317|0x00000000d3d00000, 0x00000000d3d00000, 0x00000000d3e00000|  0%| F|  |TAMS 0x00000000d3d00000, 0x00000000d3d00000| Untracked 
| 318|0x00000000d3e00000, 0x00000000d3e00000, 0x00000000d3f00000|  0%| F|  |TAMS 0x00000000d3e00000, 0x00000000d3e00000| Untracked 
| 319|0x00000000d3f00000, 0x00000000d3f00000, 0x00000000d4000000|  0%| F|  |TAMS 0x00000000d3f00000, 0x00000000d3f00000| Untracked 
| 320|0x00000000d4000000, 0x00000000d4000000, 0x00000000d4100000|  0%| F|  |TAMS 0x00000000d4000000, 0x00000000d4000000| Untracked 
| 321|0x00000000d4100000, 0x00000000d4100000, 0x00000000d4200000|  0%| F|  |TAMS 0x00000000d4100000, 0x00000000d4100000| Untracked 
| 322|0x00000000d4200000, 0x00000000d4200000, 0x00000000d4300000|  0%| F|  |TAMS 0x00000000d4200000, 0x00000000d4200000| Untracked 
| 323|0x00000000d4300000, 0x00000000d4300000, 0x00000000d4400000|  0%| F|  |TAMS 0x00000000d4300000, 0x00000000d4300000| Untracked 
| 324|0x00000000d4400000, 0x00000000d4400000, 0x00000000d4500000|  0%| F|  |TAMS 0x00000000d4400000, 0x00000000d4400000| Untracked 
| 325|0x00000000d4500000, 0x00000000d4500000, 0x00000000d4600000|  0%| F|  |TAMS 0x00000000d4500000, 0x00000000d4500000| Untracked 
| 326|0x00000000d4600000, 0x00000000d4600000, 0x00000000d4700000|  0%| F|  |TAMS 0x00000000d4600000, 0x00000000d4600000| Untracked 
| 327|0x00000000d4700000, 0x00000000d4700000, 0x00000000d4800000|  0%| F|  |TAMS 0x00000000d4700000, 0x00000000d4700000| Untracked 
| 328|0x00000000d4800000, 0x00000000d4800000, 0x00000000d4900000|  0%| F|  |TAMS 0x00000000d4800000, 0x00000000d4800000| Untracked 
| 329|0x00000000d4900000, 0x00000000d4900000, 0x00000000d4a00000|  0%| F|  |TAMS 0x00000000d4900000, 0x00000000d4900000| Untracked 
| 330|0x00000000d4a00000, 0x00000000d4a00000, 0x00000000d4b00000|  0%| F|  |TAMS 0x00000000d4a00000, 0x00000000d4a00000| Untracked 
| 331|0x00000000d4b00000, 0x00000000d4b00000, 0x00000000d4c00000|  0%| F|  |TAMS 0x00000000d4b00000, 0x00000000d4b00000| Untracked 
| 332|0x00000000d4c00000, 0x00000000d4c00000, 0x00000000d4d00000|  0%| F|  |TAMS 0x00000000d4c00000, 0x00000000d4c00000| Untracked 
| 333|0x00000000d4d00000, 0x00000000d4d00000, 0x00000000d4e00000|  0%| F|  |TAMS 0x00000000d4d00000, 0x00000000d4d00000| Untracked 
| 334|0x00000000d4e00000, 0x00000000d4e00000, 0x00000000d4f00000|  0%| F|  |TAMS 0x00000000d4e00000, 0x00000000d4e00000| Untracked 
| 335|0x00000000d4f00000, 0x00000000d4f00000, 0x00000000d5000000|  0%| F|  |TAMS 0x00000000d4f00000, 0x00000000d4f00000| Untracked 
| 336|0x00000000d5000000, 0x00000000d5000000, 0x00000000d5100000|  0%| F|  |TAMS 0x00000000d5000000, 0x00000000d5000000| Untracked 
| 337|0x00000000d5100000, 0x00000000d5100000, 0x00000000d5200000|  0%| F|  |TAMS 0x00000000d5100000, 0x00000000d5100000| Untracked 
| 338|0x00000000d5200000, 0x00000000d5200000, 0x00000000d5300000|  0%| F|  |TAMS 0x00000000d5200000, 0x00000000d5200000| Untracked 
| 339|0x00000000d5300000, 0x00000000d5300000, 0x00000000d5400000|  0%| F|  |TAMS 0x00000000d5300000, 0x00000000d5300000| Untracked 
| 340|0x00000000d5400000, 0x00000000d5400000, 0x00000000d5500000|  0%| F|  |TAMS 0x00000000d5400000, 0x00000000d5400000| Untracked 
| 341|0x00000000d5500000, 0x00000000d5500000, 0x00000000d5600000|  0%| F|  |TAMS 0x00000000d5500000, 0x00000000d5500000| Untracked 
| 342|0x00000000d5600000, 0x00000000d5600000, 0x00000000d5700000|  0%| F|  |TAMS 0x00000000d5600000, 0x00000000d5600000| Untracked 
| 343|0x00000000d5700000, 0x00000000d5700000, 0x00000000d5800000|  0%| F|  |TAMS 0x00000000d5700000, 0x00000000d5700000| Untracked 
| 344|0x00000000d5800000, 0x00000000d5800000, 0x00000000d5900000|  0%| F|  |TAMS 0x00000000d5800000, 0x00000000d5800000| Untracked 
| 345|0x00000000d5900000, 0x00000000d5900000, 0x00000000d5a00000|  0%| F|  |TAMS 0x00000000d5900000, 0x00000000d5900000| Untracked 
| 346|0x00000000d5a00000, 0x00000000d5a00000, 0x00000000d5b00000|  0%| F|  |TAMS 0x00000000d5a00000, 0x00000000d5a00000| Untracked 
| 347|0x00000000d5b00000, 0x00000000d5b574f0, 0x00000000d5c00000| 34%| E|  |TAMS 0x00000000d5b00000, 0x00000000d5b00000| Complete 
| 348|0x00000000d5c00000, 0x00000000d5d00000, 0x00000000d5d00000|100%| E|CS|TAMS 0x00000000d5c00000, 0x00000000d5c00000| Complete 
| 349|0x00000000d5d00000, 0x00000000d5e00000, 0x00000000d5e00000|100%| E|CS|TAMS 0x00000000d5d00000, 0x00000000d5d00000| Complete 
| 350|0x00000000d5e00000, 0x00000000d5f00000, 0x00000000d5f00000|100%| E|CS|TAMS 0x00000000d5e00000, 0x00000000d5e00000| Complete 
| 351|0x00000000d5f00000, 0x00000000d6000000, 0x00000000d6000000|100%| E|CS|TAMS 0x00000000d5f00000, 0x00000000d5f00000| Complete 
| 352|0x00000000d6000000, 0x00000000d6100000, 0x00000000d6100000|100%| E|CS|TAMS 0x00000000d6000000, 0x00000000d6000000| Complete 
| 353|0x00000000d6100000, 0x00000000d6200000, 0x00000000d6200000|100%| E|CS|TAMS 0x00000000d6100000, 0x00000000d6100000| Complete 
| 354|0x00000000d6200000, 0x00000000d6300000, 0x00000000d6300000|100%| E|CS|TAMS 0x00000000d6200000, 0x00000000d6200000| Complete 
| 355|0x00000000d6300000, 0x00000000d6400000, 0x00000000d6400000|100%| E|CS|TAMS 0x00000000d6300000, 0x00000000d6300000| Complete 
| 487|0x00000000de700000, 0x00000000de800000, 0x00000000de800000|100%| E|CS|TAMS 0x00000000de700000, 0x00000000de700000| Complete 
| 488|0x00000000de800000, 0x00000000de900000, 0x00000000de900000|100%| E|CS|TAMS 0x00000000de800000, 0x00000000de800000| Complete 
| 489|0x00000000de900000, 0x00000000dea00000, 0x00000000dea00000|100%| E|CS|TAMS 0x00000000de900000, 0x00000000de900000| Complete 
| 510|0x00000000dfe00000, 0x00000000dff00000, 0x00000000dff00000|100%| E|CS|TAMS 0x00000000dfe00000, 0x00000000dfe00000| Complete 
| 511|0x00000000dff00000, 0x00000000e0000000, 0x00000000e0000000|100%| E|CS|TAMS 0x00000000dff00000, 0x00000000dff00000| Complete 
| 512|0x00000000e0000000, 0x00000000e0100000, 0x00000000e0100000|100%| E|CS|TAMS 0x00000000e0000000, 0x00000000e0000000| Complete 
| 513|0x00000000e0100000, 0x00000000e0200000, 0x00000000e0200000|100%| E|CS|TAMS 0x00000000e0100000, 0x00000000e0100000| Complete 
| 514|0x00000000e0200000, 0x00000000e0300000, 0x00000000e0300000|100%| E|CS|TAMS 0x00000000e0200000, 0x00000000e0200000| Complete 

Card table byte_map: [0x00000227a92e0000,0x00000227a94e0000] _byte_map_base: 0x00000227a8ce0000

Marking Bits (Prev, Next): (CMBitMap*) 0x0000022791c10b78, (CMBitMap*) 0x0000022791c10bb8
 Prev Bits: [0x00000227a96e0000, 0x00000227aa6e0000)
 Next Bits: [0x00000227aa6e0000, 0x00000227ab6e0000)

Polling page: 0x000002278fba0000

Metaspace:

Usage:
  Non-class:     69.27 MB capacity,    67.30 MB ( 97%) used,     1.82 MB (  3%) free+waste,   157.44 KB ( <1%) overhead. 
      Class:      8.18 MB capacity,     7.05 MB ( 86%) used,     1.06 MB ( 13%) free+waste,    64.88 KB ( <1%) overhead. 
       Both:     77.45 MB capacity,    74.35 MB ( 96%) used,     2.88 MB (  4%) free+waste,   222.31 KB ( <1%) overhead. 

Virtual space:
  Non-class space:       70.00 MB reserved,      69.50 MB (>99%) committed 
      Class space:        1.00 GB reserved,       8.25 MB ( <1%) committed 
             Both:        1.07 GB reserved,      77.75 MB (  7%) committed 

Chunk freelists:
   Non-Class:  42.00 KB
       Class:  12.00 KB
        Both:  54.00 KB

MaxMetaspaceSize: 17179869184.00 GB
CompressedClassSpaceSize: 1.00 GB

CodeHeap 'non-profiled nmethods': size=120064Kb used=14476Kb max_used=15805Kb free=105587Kb
 bounds [0x00000227a1ba0000, 0x00000227a2b10000, 0x00000227a90e0000]
CodeHeap 'profiled nmethods': size=120000Kb used=38713Kb max_used=39728Kb free=81286Kb
 bounds [0x000002279a670000, 0x000002279cd60000, 0x00000227a1ba0000]
CodeHeap 'non-nmethods': size=5696Kb used=1456Kb max_used=1506Kb free=4239Kb
 bounds [0x000002279a0e0000, 0x000002279a350000, 0x000002279a670000]
 total_blobs=29724 nmethods=14617 adapters=622
 compilation: enabled
              stopped_count=0, restarted_count=0
 full_count=0

Compilation events (20 events):
Event: 114267.040 Thread 0x00000227adca9000 21802       2       org.eclipse.jdt.internal.compiler.lookup.MethodBinding::canBeSeenBy (157 bytes)
Event: 114267.041 Thread 0x00000227adca9000 nmethod 21802 0x000002279cd48010 code [0x000002279cd48240, 0x000002279cd487d0]
Event: 114267.045 Thread 0x00000227adca9000 21803 %     3       org.eclipse.jdt.internal.compiler.codegen.ConstantPool::literalIndex @ 145 (392 bytes)
Event: 114267.049 Thread 0x00000227adca9000 nmethod 21803% 0x000002279cd48b10 code [0x000002279cd48f40, 0x000002279cd4b150]
Event: 114267.058 Thread 0x00000227adca9000 21804       3       org.eclipse.jdt.internal.compiler.codegen.ConstantPool::literalIndexForLdc (690 bytes)
Event: 114267.064 Thread 0x00000227adca9000 nmethod 21804 0x000002279cd4bf10 code [0x000002279cd4c320, 0x000002279cd4e290]
Event: 114267.066 Thread 0x00000227adca9000 21805       2       org.eclipse.jdt.internal.compiler.ast.QualifiedNameReference::getOtherFieldBindings (693 bytes)
Event: 114267.073 Thread 0x00000227adca9000 nmethod 21805 0x000002279cd4f010 code [0x000002279cd4f460, 0x000002279cd50bc0]
Event: 114267.161 Thread 0x00000227adca9000 21806   !   2       org.eclipse.core.internal.preferences.EclipsePreferences::getLong (29 bytes)
Event: 114267.162 Thread 0x00000227adca9000 nmethod 21806 0x000002279c0a8090 code [0x000002279c0a8240, 0x000002279c0a8440]
Event: 114267.191 Thread 0x00000227adca9000 21807       2       org.eclipse.jdt.internal.core.index.MemoryIndex::addQueryResults (377 bytes)
Event: 114267.195 Thread 0x00000227adca9000 nmethod 21807 0x000002279cd51910 code [0x000002279cd51be0, 0x000002279cd52c40]
Event: 114267.561 Thread 0x00000227adca9000 21808       2       org.eclipse.jdt.core.dom.DefaultCommentMapper::getExtendedStartPosition (79 bytes)
Event: 114267.562 Thread 0x00000227adca9000 nmethod 21808 0x000002279bc3b290 code [0x000002279bc3b440, 0x000002279bc3b758]
Event: 114267.625 Thread 0x00000227adca9000 21809 %     3       org.eclipse.jface.text.TreeLineTracker::<init> @ 97 (175 bytes)
Event: 114267.627 Thread 0x00000227adca9000 nmethod 21809% 0x000002279a7deb10 code [0x000002279a7ded80, 0x000002279a7dfb90]
Event: 114267.631 Thread 0x00000227adca9000 21810       2       org.eclipse.jdt.internal.core.dom.rewrite.ASTRewriteAnalyzer::voidVisit (45 bytes)
Event: 114267.654 Thread 0x00000227adca9000 nmethod 21810 0x000002279b2c2490 code [0x000002279b2c26e0, 0x000002279b2c2d40]
Event: 114267.899 Thread 0x00000227adca9000 21811       2       org.eclipse.jdt.internal.core.dom.rewrite.RewriteEventStore::hasChangedProperties (63 bytes)
Event: 114267.899 Thread 0x00000227adca9000 nmethod 21811 0x000002279a979710 code [0x000002279a979900, 0x000002279a979ca0]

GC Heap History (20 events):
Event: 114221.538 GC heap before
{Heap before GC invocations=296 (full 0):
 garbage-first heap   total 372736K, used 173856K [0x00000000c0000000, 0x0000000100000000)
  region size 1024K, 74 young (75776K), 5 survivors (5120K)
 Metaspace       used 75453K, capacity 78595K, committed 78720K, reserved 1120256K
  class space    used 7131K, capacity 8263K, committed 8320K, reserved 1048576K
}
Event: 114221.560 GC heap after
{Heap after GC invocations=297 (full 0):
 garbage-first heap   total 372736K, used 105002K [0x00000000c0000000, 0x0000000100000000)
  region size 1024K, 5 young (5120K), 5 survivors (5120K)
 Metaspace       used 75453K, capacity 78595K, committed 78720K, reserved 1120256K
  class space    used 7131K, capacity 8263K, committed 8320K, reserved 1048576K
}
Event: 114244.199 GC heap before
{Heap before GC invocations=298 (full 0):
 garbage-first heap   total 372736K, used 200234K [0x00000000c0000000, 0x0000000100000000)
  region size 1024K, 99 young (101376K), 5 survivors (5120K)
 Metaspace       used 75456K, capacity 78595K, committed 78720K, reserved 1120256K
  class space    used 7131K, capacity 8263K, committed 8320K, reserved 1048576K
}
Event: 114244.219 GC heap after
{Heap after GC invocations=299 (full 0):
 garbage-first heap   total 372736K, used 105569K [0x00000000c0000000, 0x0000000100000000)
  region size 1024K, 6 young (6144K), 6 survivors (6144K)
 Metaspace       used 75456K, capacity 78595K, committed 78720K, reserved 1120256K
  class space    used 7131K, capacity 8263K, committed 8320K, reserved 1048576K
}
Event: 114254.304 GC heap before
{Heap before GC invocations=299 (full 0):
 garbage-first heap   total 372736K, used 238689K [0x00000000c0000000, 0x0000000100000000)
  region size 1024K, 136 young (139264K), 6 survivors (6144K)
 Metaspace       used 75463K, capacity 78595K, committed 78720K, reserved 1120256K
  class space    used 7131K, capacity 8263K, committed 8320K, reserved 1048576K
}
Event: 114254.722 GC heap after
{Heap after GC invocations=300 (full 0):
 garbage-first heap   total 372736K, used 105094K [0x00000000c0000000, 0x0000000100000000)
  region size 1024K, 5 young (5120K), 5 survivors (5120K)
 Metaspace       used 75463K, capacity 78595K, committed 78720K, reserved 1120256K
  class space    used 7131K, capacity 8263K, committed 8320K, reserved 1048576K
}
Event: 114257.924 GC heap before
{Heap before GC invocations=301 (full 0):
 garbage-first heap   total 372736K, used 133766K [0x00000000c0000000, 0x0000000100000000)
  region size 1024K, 33 young (33792K), 5 survivors (5120K)
 Metaspace       used 75463K, capacity 78595K, committed 78720K, reserved 1120256K
  class space    used 7131K, capacity 8263K, committed 8320K, reserved 1048576K
}
Event: 114258.207 GC heap after
{Heap after GC invocations=302 (full 0):
 garbage-first heap   total 372736K, used 102720K [0x00000000c0000000, 0x0000000100000000)
  region size 1024K, 1 young (1024K), 1 survivors (1024K)
 Metaspace       used 75463K, capacity 78595K, committed 78720K, reserved 1120256K
  class space    used 7131K, capacity 8263K, committed 8320K, reserved 1048576K
}
Event: 114258.300 GC heap before
{Heap before GC invocations=302 (full 0):
 garbage-first heap   total 372736K, used 119104K [0x00000000c0000000, 0x0000000100000000)
  region size 1024K, 18 young (18432K), 1 survivors (1024K)
 Metaspace       used 75463K, capacity 78595K, committed 78720K, reserved 1120256K
  class space    used 7131K, capacity 8263K, committed 8320K, reserved 1048576K
}
Event: 114258.363 GC heap after
{Heap after GC invocations=303 (full 0):
 garbage-first heap   total 372736K, used 107709K [0x00000000c0000000, 0x0000000100000000)
  region size 1024K, 3 young (3072K), 3 survivors (3072K)
 Metaspace       used 75463K, capacity 78595K, committed 78720K, reserved 1120256K
  class space    used 7131K, capacity 8263K, committed 8320K, reserved 1048576K
}
Event: 114259.174 GC heap before
{Heap before GC invocations=304 (full 0):
 garbage-first heap   total 372736K, used 157376K [0x00000000c0000000, 0x0000000100000000)
  region size 1024K, 52 young (53248K), 3 survivors (3072K)
 Metaspace       used 75463K, capacity 78595K, committed 78720K, reserved 1120256K
  class space    used 7131K, capacity 8263K, committed 8320K, reserved 1048576K
}
Event: 114259.191 GC heap after
{Heap after GC invocations=305 (full 0):
 garbage-first heap   total 372736K, used 106294K [0x00000000c0000000, 0x0000000100000000)
  region size 1024K, 3 young (3072K), 3 survivors (3072K)
 Metaspace       used 75463K, capacity 78595K, committed 78720K, reserved 1120256K
  class space    used 7131K, capacity 8263K, committed 8320K, reserved 1048576K
}
Event: 114260.050 GC heap before
{Heap before GC invocations=305 (full 0):
 garbage-first heap   total 372736K, used 131894K [0x00000000c0000000, 0x0000000100000000)
  region size 1024K, 29 young (29696K), 3 survivors (3072K)
 Metaspace       used 75467K, capacity 78595K, committed 78720K, reserved 1120256K
  class space    used 7131K, capacity 8263K, committed 8320K, reserved 1048576K
}
Event: 114260.093 GC heap after
{Heap after GC invocations=306 (full 0):
 garbage-first heap   total 372736K, used 108443K [0x00000000c0000000, 0x0000000100000000)
  region size 1024K, 4 young (4096K), 4 survivors (4096K)
 Metaspace       used 75467K, capacity 78595K, committed 78720K, reserved 1120256K
  class space    used 7131K, capacity 8263K, committed 8320K, reserved 1048576K
}
Event: 114262.501 GC heap before
{Heap before GC invocations=307 (full 0):
 garbage-first heap   total 372736K, used 139163K [0x00000000c0000000, 0x0000000100000000)
  region size 1024K, 38 young (38912K), 4 survivors (4096K)
 Metaspace       used 75482K, capacity 78595K, committed 78720K, reserved 1120256K
  class space    used 7131K, capacity 8263K, committed 8320K, reserved 1048576K
}
Event: 114262.531 GC heap after
{Heap after GC invocations=308 (full 0):
 garbage-first heap   total 372736K, used 107755K [0x00000000c0000000, 0x0000000100000000)
  region size 1024K, 4 young (4096K), 4 survivors (4096K)
 Metaspace       used 75482K, capacity 78595K, committed 78720K, reserved 1120256K
  class space    used 7131K, capacity 8263K, committed 8320K, reserved 1048576K
}
Event: 114262.883 GC heap before
{Heap before GC invocations=308 (full 0):
 garbage-first heap   total 372736K, used 109803K [0x00000000c0000000, 0x0000000100000000)
  region size 1024K, 7 young (7168K), 4 survivors (4096K)
 Metaspace       used 75482K, capacity 78595K, committed 78720K, reserved 1120256K
  class space    used 7131K, capacity 8263K, committed 8320K, reserved 1048576K
}
Event: 114262.936 GC heap after
{Heap after GC invocations=309 (full 0):
 garbage-first heap   total 372736K, used 105705K [0x00000000c0000000, 0x0000000100000000)
  region size 1024K, 1 young (1024K), 1 survivors (1024K)
 Metaspace       used 75482K, capacity 78595K, committed 78720K, reserved 1120256K
  class space    used 7131K, capacity 8263K, committed 8320K, reserved 1048576K
}
Event: 114267.530 GC heap before
{Heap before GC invocations=310 (full 0):
 garbage-first heap   total 372736K, used 171241K [0x00000000c0000000, 0x0000000100000000)
  region size 1024K, 64 young (65536K), 1 survivors (1024K)
 Metaspace       used 76100K, capacity 79210K, committed 79360K, reserved 1120256K
  class space    used 7213K, capacity 8340K, committed 8448K, reserved 1048576K
}
Event: 114267.555 GC heap after
{Heap after GC invocations=311 (full 0):
 garbage-first heap   total 372736K, used 109992K [0x00000000c0000000, 0x0000000100000000)
  region size 1024K, 6 young (6144K), 6 survivors (6144K)
 Metaspace       used 76100K, capacity 79210K, committed 79360K, reserved 1120256K
  class space    used 7213K, capacity 8340K, committed 8448K, reserved 1048576K
}

Deoptimization events (20 events):
Event: 114267.629 Thread 0x00000227b1385000 DEOPT PACKING pc=0x00000227a2a70b80 sp=0x000000bd346fe3e0
Event: 114267.629 Thread 0x00000227b1385000 DEOPT UNPACKING pc=0x000002279a12942a sp=0x000000bd346fe320 mode 2
Event: 114267.630 Thread 0x00000227b1385000 Uncommon trap: trap_request=0xffffff45 fr.pc=0x00000227a237defc relative=0x00000000000002fc
Event: 114267.630 Thread 0x00000227b1385000 Uncommon trap: reason=unstable_if action=reinterpret pc=0x00000227a237defc method=org.eclipse.jdt.internal.core.dom.rewrite.RewriteEventStore.hasChangedProperties(Lorg/eclipse/jdt/core/dom/ASTNode;)Z @ 43 c2
Event: 114267.630 Thread 0x00000227b1385000 DEOPT PACKING pc=0x00000227a237defc sp=0x000000bd346fe370
Event: 114267.631 Thread 0x00000227b1385000 DEOPT UNPACKING pc=0x000002279a12942a sp=0x000000bd346fe2f8 mode 2
Event: 114267.631 Thread 0x00000227b1385000 Uncommon trap: trap_request=0xffffff45 fr.pc=0x00000227a202055c relative=0x000000000000349c
Event: 114267.631 Thread 0x00000227b1385000 Uncommon trap: reason=unstable_if action=reinterpret pc=0x00000227a202055c method=org.eclipse.jdt.internal.core.dom.rewrite.RewriteEventStore.getOriginalValue(Lorg/eclipse/jdt/core/dom/ASTNode;Lorg/eclipse/jdt/core/dom/StructuralPropertyDescriptor;)Ljava/
Event: 114267.631 Thread 0x00000227b1385000 DEOPT PACKING pc=0x00000227a202055c sp=0x000000bd346fe280
Event: 114267.631 Thread 0x00000227b1385000 DEOPT UNPACKING pc=0x000002279a12942a sp=0x000000bd346fe1c8 mode 2
Event: 114267.639 Thread 0x00000227b1385000 Uncommon trap: trap_request=0xffffff66 fr.pc=0x00000227a2af3fb8 relative=0x0000000000003658
Event: 114267.639 Thread 0x00000227b1385000 Uncommon trap: reason=speculate_class_check action=maybe_recompile pc=0x00000227a2af3fb8 method=org.eclipse.jdt.internal.core.PackageFragmentRoot.getHandleMemento(Ljava/lang/StringBuffer;)V @ 124 c2
Event: 114267.639 Thread 0x00000227b1385000 DEOPT PACKING pc=0x00000227a2af3fb8 sp=0x000000bd346fe590
Event: 114267.639 Thread 0x00000227b1385000 DEOPT UNPACKING pc=0x000002279a12942a sp=0x000000bd346fe580 mode 2
Event: 114267.639 Thread 0x00000227b1385000 Uncommon trap: trap_request=0xffffff45 fr.pc=0x00000227a2573390 relative=0x0000000000000070
Event: 114267.640 Thread 0x00000227b1385000 Uncommon trap: reason=unstable_if action=reinterpret pc=0x00000227a2573390 method=java.lang.Boolean.toString()Ljava/lang/String; @ 4 c2
Event: 114267.640 Thread 0x00000227b1385000 DEOPT PACKING pc=0x00000227a2573390 sp=0x000000bd346fe850
Event: 114267.640 Thread 0x00000227b1385000 DEOPT UNPACKING pc=0x000002279a12942a sp=0x000000bd346fe7e0 mode 2
Event: 114267.641 Thread 0x00000227b1387800 DEOPT PACKING pc=0x000002279c62a213 sp=0x000000bd35dfe170
Event: 114267.642 Thread 0x00000227b1387800 DEOPT UNPACKING pc=0x000002279a129940 sp=0x000000bd35dfd680 mode 0

Classes unloaded (20 events):
Event: 6924.553 Thread 0x00000227adc7b000 Unloading class 0x000000080133a040 'jdk/internal/reflect/GeneratedSerializationConstructorAccessor7'
Event: 6924.553 Thread 0x00000227adc7b000 Unloading class 0x0000000801339c40 'jdk/internal/reflect/GeneratedSerializationConstructorAccessor6'
Event: 6924.553 Thread 0x00000227adc7b000 Unloading class 0x0000000801339840 'jdk/internal/reflect/GeneratedSerializationConstructorAccessor5'
Event: 31328.433 Thread 0x00000227adc7b000 Unloading class 0x000000080133a440 'jdk/internal/reflect/GeneratedConstructorAccessor60'
Event: 31328.433 Thread 0x00000227adc7b000 Unloading class 0x000000080133a040 'jdk/internal/reflect/GeneratedConstructorAccessor59'
Event: 31328.433 Thread 0x00000227adc7b000 Unloading class 0x000000080133ec40 'jdk/internal/reflect/GeneratedConstructorAccessor58'
Event: 112930.277 Thread 0x00000227adc7b000 Unloading class 0x000000080134b440 'jdk/internal/reflect/GeneratedSerializationConstructorAccessor20'
Event: 112930.316 Thread 0x00000227adc7b000 Unloading class 0x000000080134b040 'jdk/internal/reflect/GeneratedSerializationConstructorAccessor19'
Event: 112930.316 Thread 0x00000227adc7b000 Unloading class 0x000000080134ac40 'jdk/internal/reflect/GeneratedSerializationConstructorAccessor18'
Event: 112930.316 Thread 0x00000227adc7b000 Unloading class 0x000000080134a840 'jdk/internal/reflect/GeneratedSerializationConstructorAccessor17'
Event: 112930.345 Thread 0x00000227adc7b000 Unloading class 0x000000080134a440 'jdk/internal/reflect/GeneratedConstructorAccessor65'
Event: 112930.345 Thread 0x00000227adc7b000 Unloading class 0x000000080134a040 'jdk/internal/reflect/GeneratedConstructorAccessor64'
Event: 112930.359 Thread 0x00000227adc7b000 Unloading class 0x0000000801349c40 'jdk/internal/reflect/GeneratedSerializationConstructorAccessor16'
Event: 112930.359 Thread 0x00000227adc7b000 Unloading class 0x000000080133a440 'jdk/internal/reflect/GeneratedSerializationConstructorAccessor15'
Event: 112930.359 Thread 0x00000227adc7b000 Unloading class 0x000000080133a040 'jdk/internal/reflect/GeneratedSerializationConstructorAccessor14'
Event: 112930.388 Thread 0x00000227adc7b000 Unloading class 0x000000080133ec40 'jdk/internal/reflect/GeneratedSerializationConstructorAccessor13'
Event: 112930.399 Thread 0x00000227adc7b000 Unloading class 0x0000000801349840 'jdk/internal/reflect/GeneratedSerializationConstructorAccessor12'
Event: 112930.399 Thread 0x00000227adc7b000 Unloading class 0x0000000801349440 'jdk/internal/reflect/GeneratedSerializationConstructorAccessor11'
Event: 112930.399 Thread 0x00000227adc7b000 Unloading class 0x0000000801349040 'jdk/internal/reflect/GeneratedSerializationConstructorAccessor10'
Event: 112930.399 Thread 0x00000227adc7b000 Unloading class 0x0000000801348c40 'jdk/internal/reflect/GeneratedSerializationConstructorAccessor9'

Classes redefined (0 events):
No events

Internal exceptions (20 events):
Event: 114267.584 Thread 0x00000227b1385000 Exception <a 'java/lang/ArrayIndexOutOfBoundsException'{0x00000000e017a9d8}> (0x00000000e017a9d8) 
thrown [t:/workspace/open/src/hotspot/share/runtime/sharedRuntime.cpp, line 585]
Event: 114267.633 Thread 0x00000227b1385000 Exception <a 'java/lang/ArrayIndexOutOfBoundsException'{0x00000000e00af1f8}> (0x00000000e00af1f8) 
thrown [t:/workspace/open/src/hotspot/share/runtime/sharedRuntime.cpp, line 585]
Event: 114267.634 Thread 0x00000227b1385000 Exception <a 'java/lang/ArrayIndexOutOfBoundsException'{0x00000000e00d4bc8}> (0x00000000e00d4bc8) 
thrown [t:/workspace/open/src/hotspot/share/runtime/sharedRuntime.cpp, line 585]
Event: 114267.848 Thread 0x00000227b1385000 Exception <a 'java/lang/ArrayIndexOutOfBoundsException'{0x00000000dff7f068}> (0x00000000dff7f068) 
thrown [t:/workspace/open/src/hotspot/share/runtime/sharedRuntime.cpp, line 585]
Event: 114267.849 Thread 0x00000227b1385000 Exception <a 'java/lang/ArrayIndexOutOfBoundsException'{0x00000000de86b760}> (0x00000000de86b760) 
thrown [t:/workspace/open/src/hotspot/share/runtime/sharedRuntime.cpp, line 585]
Event: 114267.853 Thread 0x00000227b1385000 Exception <a 'java/lang/ArrayIndexOutOfBoundsException'{0x00000000de899d90}> (0x00000000de899d90) 
thrown [t:/workspace/open/src/hotspot/share/runtime/sharedRuntime.cpp, line 585]
Event: 114267.854 Thread 0x00000227b1385000 Exception <a 'java/lang/ArrayIndexOutOfBoundsException'{0x00000000de8b37e0}> (0x00000000de8b37e0) 
thrown [t:/workspace/open/src/hotspot/share/runtime/sharedRuntime.cpp, line 585]
Event: 114267.858 Thread 0x00000227b1385000 Exception <a 'java/lang/ArrayIndexOutOfBoundsException'{0x00000000de8e2518}> (0x00000000de8e2518) 
thrown [t:/workspace/open/src/hotspot/share/runtime/sharedRuntime.cpp, line 585]
Event: 114267.859 Thread 0x00000227b1385000 Exception <a 'java/lang/ArrayIndexOutOfBoundsException'{0x00000000de8fbf68}> (0x00000000de8fbf68) 
thrown [t:/workspace/open/src/hotspot/share/runtime/sharedRuntime.cpp, line 585]
Event: 114267.863 Thread 0x00000227b1385000 Exception <a 'java/lang/ArrayIndexOutOfBoundsException'{0x00000000de72ae30}> (0x00000000de72ae30) 
thrown [t:/workspace/open/src/hotspot/share/runtime/sharedRuntime.cpp, line 585]
Event: 114267.864 Thread 0x00000227b1385000 Exception <a 'java/lang/ArrayIndexOutOfBoundsException'{0x00000000de744880}> (0x00000000de744880) 
thrown [t:/workspace/open/src/hotspot/share/runtime/sharedRuntime.cpp, line 585]
Event: 114267.868 Thread 0x00000227b1385000 Exception <a 'java/lang/ArrayIndexOutOfBoundsException'{0x00000000de796e30}> (0x00000000de796e30) 
thrown [t:/workspace/open/src/hotspot/share/runtime/sharedRuntime.cpp, line 585]
Event: 114267.879 Thread 0x00000227b1385000 Exception <a 'java/lang/ArrayIndexOutOfBoundsException'{0x00000000d620f6d0}> (0x00000000d620f6d0) 
thrown [t:/workspace/open/src/hotspot/share/runtime/sharedRuntime.cpp, line 585]
Event: 114267.896 Thread 0x00000227b1385000 Exception <a 'java/lang/ArrayIndexOutOfBoundsException'{0x00000000d611fc78}> (0x00000000d611fc78) 
thrown [t:/workspace/open/src/hotspot/share/runtime/sharedRuntime.cpp, line 585]
Event: 114267.896 Thread 0x00000227b1385000 Exception <a 'java/lang/ArrayIndexOutOfBoundsException'{0x00000000d611fff0}> (0x00000000d611fff0) 
thrown [t:/workspace/open/src/hotspot/share/runtime/sharedRuntime.cpp, line 585]
Event: 114267.902 Thread 0x00000227b1385000 Exception <a 'java/lang/ArrayIndexOutOfBoundsException'{0x00000000d618e7b8}> (0x00000000d618e7b8) 
thrown [t:/workspace/open/src/hotspot/share/runtime/sharedRuntime.cpp, line 585]
Event: 114267.903 Thread 0x00000227b1385000 Exception <a 'java/lang/ArrayIndexOutOfBoundsException'{0x00000000d61b4600}> (0x00000000d61b4600) 
thrown [t:/workspace/open/src/hotspot/share/runtime/sharedRuntime.cpp, line 585]
Event: 114267.903 Thread 0x00000227b1385000 Exception <a 'java/lang/ArrayIndexOutOfBoundsException'{0x00000000d61b4c88}> (0x00000000d61b4c88) 
thrown [t:/workspace/open/src/hotspot/share/runtime/sharedRuntime.cpp, line 585]
Event: 114267.905 Thread 0x00000227b1385000 Exception <a 'java/lang/ArrayIndexOutOfBoundsException'{0x00000000d61ff248}> (0x00000000d61ff248) 
thrown [t:/workspace/open/src/hotspot/share/runtime/sharedRuntime.cpp, line 585]
Event: 114267.918 Thread 0x00000227b1385000 Exception <a 'java/lang/ArrayIndexOutOfBoundsException'{0x00000000d5f636a0}> (0x00000000d5f636a0) 
thrown [t:/workspace/open/src/hotspot/share/runtime/sharedRuntime.cpp, line 585]

Events (20 events):
Event: 114267.796 Thread 0x00000227adcb8800 flushing nmethod 0x000002279c85ed90
Event: 114267.797 Thread 0x00000227adcb8800 flushing nmethod 0x000002279c895590
Event: 114267.797 Thread 0x00000227adcb8800 flushing nmethod 0x000002279c8b6610
Event: 114267.797 Thread 0x00000227adcb8800 flushing nmethod 0x000002279c8c4f90
Event: 114267.797 Thread 0x00000227adcb8800 flushing nmethod 0x000002279c8c7710
Event: 114267.797 Thread 0x00000227adcb8800 flushing nmethod 0x000002279c915f10
Event: 114267.802 Thread 0x00000227adcb8800 flushing nmethod 0x000002279cc93290
Event: 114267.802 Thread 0x00000227adcb8800 flushing nmethod 0x000002279ccb2690
Event: 114267.802 Thread 0x00000227adcb8800 flushing nmethod 0x000002279ccd7b90
Event: 114267.803 Thread 0x00000227adcb8800 flushing nmethod 0x000002279cd0ba90
Event: 114267.899 Executing VM operation: HandshakeAllThreads
Event: 114267.900 Executing VM operation: HandshakeAllThreads done
Event: 114267.904 Thread 0x00000227adcb8800 flushing nmethod 0x00000227a2038f10
Event: 114267.906 Thread 0x00000227adcb8800 flushing nmethod 0x00000227a22fe210
Event: 114267.908 Thread 0x00000227adcb8800 flushing nmethod 0x00000227a2532a10
Event: 114267.909 Thread 0x00000227adcb8800 flushing nmethod 0x00000227a260ea90
Event: 114267.911 Thread 0x00000227adcb8800 flushing nmethod 0x00000227a28c1310
Event: 114267.912 Thread 0x00000227adcb8800 flushing nmethod 0x00000227a2925e90
Event: 114267.913 Thread 0x00000227adcb8800 flushing nmethod 0x00000227a2a2a110
Event: 114267.913 Thread 0x00000227adcb8800 flushing nmethod 0x00000227a2acfa90


Dynamic libraries:
0x00007ff6361b0000 - 0x00007ff6361bf000 	C:\Program Files\Java\jdk-13.0.1\bin\java.exe
0x00007ffc37500000 - 0x00007ffc376f0000 	C:\WINDOWS\SYSTEM32\ntdll.dll
0x00007ffc371b0000 - 0x00007ffc37262000 	C:\WINDOWS\System32\KERNEL32.DLL
0x00007ffc35300000 - 0x00007ffc355a3000 	C:\WINDOWS\System32\KERNELBASE.dll
0x00007ffc345a0000 - 0x00007ffc3469a000 	C:\WINDOWS\System32\ucrtbase.dll
0x00007ffc11a90000 - 0x00007ffc11aa8000 	C:\Program Files\Java\jdk-13.0.1\bin\jli.dll
0x00007ffc37270000 - 0x00007ffc37313000 	C:\WINDOWS\System32\ADVAPI32.dll
0x00007ffc36f30000 - 0x00007ffc36fce000 	C:\WINDOWS\System32\msvcrt.dll
0x00007ffc36e90000 - 0x00007ffc36f27000 	C:\WINDOWS\System32\sechost.dll
0x00007ffc35ee0000 - 0x00007ffc36000000 	C:\WINDOWS\System32\RPCRT4.dll
0x00007ffc37320000 - 0x00007ffc374b4000 	C:\WINDOWS\System32\USER32.dll
0x00007ffc34540000 - 0x00007ffc34561000 	C:\WINDOWS\System32\win32u.dll
0x00007ffc35660000 - 0x00007ffc35686000 	C:\WINDOWS\System32\GDI32.dll
0x00007ffc34960000 - 0x00007ffc34af4000 	C:\WINDOWS\System32\gdi32full.dll
0x00007ffc11a40000 - 0x00007ffc11a55000 	C:\Program Files\Java\jdk-13.0.1\bin\VCRUNTIME140.dll
0x00007ffc34770000 - 0x00007ffc3480e000 	C:\WINDOWS\System32\msvcp_win.dll
0x00007ffc22b70000 - 0x00007ffc22df5000 	C:\WINDOWS\WinSxS\amd64_microsoft.windows.common-controls_6595b64144ccf1df_6.0.18362.657_none_e6c5b579130e3898\COMCTL32.dll
0x00007ffc35ba0000 - 0x00007ffc35ed6000 	C:\WINDOWS\System32\combase.dll
0x00007ffc35280000 - 0x00007ffc35300000 	C:\WINDOWS\System32\bcryptPrimitives.dll
0x00007ffc29b00000 - 0x00007ffc29b0a000 	C:\WINDOWS\SYSTEM32\VERSION.dll
0x00007ffc36bd0000 - 0x00007ffc36bfe000 	C:\WINDOWS\System32\IMM32.DLL
0x00007ffc07cf0000 - 0x00007ffc07d8b000 	C:\Program Files\Java\jdk-13.0.1\bin\msvcp140.dll
0x00007ffbe5510000 - 0x00007ffbe6076000 	C:\Program Files\Java\jdk-13.0.1\bin\server\jvm.dll
0x00007ffc36e00000 - 0x00007ffc36e08000 	C:\WINDOWS\System32\PSAPI.DLL
0x00007ffc32020000 - 0x00007ffc32044000 	C:\WINDOWS\SYSTEM32\WINMM.dll
0x00007ffc32ea0000 - 0x00007ffc32ea9000 	C:\WINDOWS\SYSTEM32\WSOCK32.dll
0x00007ffc36cc0000 - 0x00007ffc36d2f000 	C:\WINDOWS\System32\WS2_32.dll
0x00007ffc31ff0000 - 0x00007ffc3201d000 	C:\WINDOWS\SYSTEM32\WINMMBASE.dll
0x00007ffc34720000 - 0x00007ffc3476a000 	C:\WINDOWS\System32\cfgmgr32.dll
0x00007ffc34450000 - 0x00007ffc34461000 	C:\WINDOWS\System32\kernel.appcore.dll
0x00007ffc2de10000 - 0x00007ffc2de20000 	C:\Program Files\Java\jdk-13.0.1\bin\verify.dll
0x00007ffc32c80000 - 0x00007ffc32e74000 	C:\WINDOWS\SYSTEM32\DBGHELP.DLL
0x00007ffc27d20000 - 0x00007ffc27d4a000 	C:\WINDOWS\SYSTEM32\dbgcore.DLL
0x00007ffc10210000 - 0x00007ffc10236000 	C:\Program Files\Java\jdk-13.0.1\bin\java.dll
0x00007ffc10cf0000 - 0x00007ffc10d07000 	C:\Program Files\Java\jdk-13.0.1\bin\zip.dll
0x00007ffc2c9e0000 - 0x00007ffc2c9ea000 	C:\Program Files\Java\jdk-13.0.1\bin\jimage.dll
0x00007ffc36470000 - 0x00007ffc36b55000 	C:\WINDOWS\System32\SHELL32.dll
0x00007ffc36c10000 - 0x00007ffc36cb9000 	C:\WINDOWS\System32\shcore.dll
0x00007ffc34b00000 - 0x00007ffc3527f000 	C:\WINDOWS\System32\windows.storage.dll
0x00007ffc34470000 - 0x00007ffc3448f000 	C:\WINDOWS\System32\profapi.dll
0x00007ffc34400000 - 0x00007ffc3444a000 	C:\WINDOWS\System32\powrprof.dll
0x00007ffc343d0000 - 0x00007ffc343e0000 	C:\WINDOWS\System32\UMPDC.dll
0x00007ffc359f0000 - 0x00007ffc35a42000 	C:\WINDOWS\System32\shlwapi.dll
0x00007ffc346a0000 - 0x00007ffc346b7000 	C:\WINDOWS\System32\cryptsp.dll
0x00007ffc101d0000 - 0x00007ffc101e9000 	C:\Program Files\Java\jdk-13.0.1\bin\net.dll
0x00007ffc299c0000 - 0x00007ffc29ab0000 	C:\WINDOWS\SYSTEM32\WINHTTP.dll
0x00007ffc33be0000 - 0x00007ffc33c47000 	C:\WINDOWS\system32\mswsock.dll
0x00007ffc0fca0000 - 0x00007ffc0fcb3000 	C:\Program Files\Java\jdk-13.0.1\bin\nio.dll
0x00007ffc33750000 - 0x00007ffc33783000 	C:\WINDOWS\system32\rsaenh.dll
0x00007ffc34570000 - 0x00007ffc34596000 	C:\WINDOWS\System32\bcrypt.dll
0x00007ffc342c0000 - 0x00007ffc342e5000 	C:\WINDOWS\SYSTEM32\USERENV.dll
0x00007ffc33db0000 - 0x00007ffc33dbc000 	C:\WINDOWS\SYSTEM32\CRYPTBASE.dll
0x00007ffc338f0000 - 0x00007ffc3392a000 	C:\WINDOWS\SYSTEM32\IPHLPAPI.DLL
0x00007ffc36c00000 - 0x00007ffc36c08000 	C:\WINDOWS\System32\NSI.dll
0x00007ffc2ad50000 - 0x00007ffc2ad66000 	C:\WINDOWS\SYSTEM32\dhcpcsvc6.DLL
0x00007ffc2b4f0000 - 0x00007ffc2b50c000 	C:\WINDOWS\SYSTEM32\dhcpcsvc.DLL
0x00007ffc33930000 - 0x00007ffc339fa000 	C:\WINDOWS\SYSTEM32\DNSAPI.dll
0x00007ffc0f560000 - 0x00007ffc0f589000 	C:\Users\Diksha\.vscode\extensions\redhat.java-0.56.0\server\config_win\org.eclipse.equinox.launcher\org.eclipse.equinox.launcher.win32.win32.x86_64_1.1.1100.v20190907-0426\eclipse_1902.dll
0x00007ffc0f710000 - 0x00007ffc0f721000 	C:\Users\Diksha\.vscode\extensions\redhat.java-0.56.0\server\config_win\org.eclipse.osgi\20\0\.cp\jWinHttp-1.0.0.dll
0x00007ffc37050000 - 0x00007ffc371a6000 	C:\WINDOWS\System32\ole32.dll
0x00007ffc29c10000 - 0x00007ffc29c1e000 	C:\Program Files\Java\jdk-13.0.1\bin\sunmscapi.dll
0x00007ffc34810000 - 0x00007ffc34959000 	C:\WINDOWS\System32\CRYPT32.dll
0x00007ffc343e0000 - 0x00007ffc343f2000 	C:\WINDOWS\System32\MSASN1.dll
0x00007ffc33eb0000 - 0x00007ffc33ed6000 	C:\WINDOWS\SYSTEM32\ncrypt.dll
0x00007ffc33e70000 - 0x00007ffc33eab000 	C:\WINDOWS\SYSTEM32\NTASN1.dll
0x00007ffc0f270000 - 0x00007ffc0f295000 	C:\Program Files\Java\jdk-13.0.1\bin\sunec.dll
0x00007ffc27cf0000 - 0x00007ffc27cfa000 	C:\Windows\System32\rasadhlp.dll
0x00007ffc2abc0000 - 0x00007ffc2ac37000 	C:\WINDOWS\System32\fwpuclnt.dll

dbghelp: loaded successfully - version: 4.0.5 - missing functions: none
symbol engine: initialized successfully - sym options: 0x614 - pdb path: .;C:\Program Files\Java\jdk-13.0.1\bin;C:\WINDOWS\SYSTEM32;C:\WINDOWS\WinSxS\amd64_microsoft.windows.common-controls_6595b64144ccf1df_6.0.18362.657_none_e6c5b579130e3898;C:\Program Files\Java\jdk-13.0.1\bin\server;C:\Users\Diksha\.vscode\extensions\redhat.java-0.56.0\server\config_win\org.eclipse.equinox.launcher\org.eclipse.equinox.launcher.win32.win32.x86_64_1.1.1100.v20190907-0426;C:\Users\Diksha\.vscode\extensions\redhat.java-0.56.0\server\config_win\org.eclipse.osgi\20\0\.cp

VM Arguments:
jvm_args: --add-modules=ALL-SYSTEM --add-opens=java.base/java.util=ALL-UNNAMED --add-opens=java.base/java.lang=ALL-UNNAMED -Declipse.application=org.eclipse.jdt.ls.core.id1 -Dosgi.bundles.defaultStartLevel=4 -Declipse.product=org.eclipse.jdt.ls.core.product -Dfile.encoding=utf8 -DwatchParentProcess=false -Xmx1G -XX:+UseG1GC -XX:+UseStringDeduplication 
java_command: c:\Users\Diksha\.vscode\extensions\redhat.java-0.56.0\server\plugins\org.eclipse.equinox.launcher_1.5.700.v20200207-2156.jar -configuration c:\Users\Diksha\.vscode\extensions\redhat.java-0.56.0\server\config_win -data c:\Users\Diksha\AppData\Roaming\Code\User\workspaceStorage\9878a79b9e085530a4eae5ef04ea703d\redhat.java\jdt_ws
java_class_path (initial): c:\Users\Diksha\.vscode\extensions\redhat.java-0.56.0\server\plugins\org.eclipse.equinox.launcher_1.5.700.v20200207-2156.jar
Launcher Type: SUN_STANDARD

[Global flags]
     intx CICompilerCount                          = 3                                         {product} {ergonomic}
     uint ConcGCThreads                            = 1                                         {product} {ergonomic}
     uint G1ConcRefinementThreads                  = 4                                         {product} {ergonomic}
   size_t G1HeapRegionSize                         = 1048576                                   {product} {ergonomic}
    uintx GCDrainStackTargetSize                   = 64                                        {product} {ergonomic}
   size_t InitialHeapSize                          = 67108864                                  {product} {ergonomic}
   size_t MarkStackSize                            = 4194304                                   {product} {ergonomic}
   size_t MaxHeapSize                              = 1073741824                                {product} {command line}
   size_t MaxNewSize                               = 643825664                                 {product} {ergonomic}
   size_t MinHeapDeltaBytes                        = 1048576                                   {product} {ergonomic}
   size_t MinHeapSize                              = 8388608                                   {product} {ergonomic}
    uintx NonNMethodCodeHeapSize                   = 5830732                                {pd product} {ergonomic}
    uintx NonProfiledCodeHeapSize                  = 122913754                              {pd product} {ergonomic}
    uintx ProfiledCodeHeapSize                     = 122913754                              {pd product} {ergonomic}
    uintx ReservedCodeCacheSize                    = 251658240                              {pd product} {ergonomic}
     bool SegmentedCodeCache                       = true                                      {product} {ergonomic}
   size_t SoftMaxHeapSize                          = 1073741824                             {manageable} {ergonomic}
     bool UseCompressedClassPointers               = true                                 {lp64_product} {ergonomic}
     bool UseCompressedOops                        = true                                 {lp64_product} {ergonomic}
     bool UseG1GC                                  = true                                      {product} {command line}
     bool UseLargePagesIndividualAllocation        = false                                  {pd product} {ergonomic}
     bool UseStringDeduplication                   = true                                      {product} {command line}

Logging:
Log output configuration:
 #0: stdout all=warning uptime,level,tags
 #1: stderr all=off uptime,level,tags

Environment Variables:
JAVA_HOME=C:\Program Files\Java\jdk-13.0.1
PATH=C:\Program Files (x86)\Intel\TXE Components\TCS\;C:\Program Files\Intel\TXE Components\TCS\;C:\WINDOWS\system32;C:\WINDOWS;C:\WINDOWS\System32\Wbem;C:\WINDOWS\System32\WindowsPowerShell\v1.0\;C:\WINDOWS\System32\OpenSSH\;C:\Program Files\Java\jdk-13.0.1\bin;C:\Users\Diksha\AppData\Local\Microsoft\WindowsApps;;G:\Microsoft VS Code\bin
USERNAME=Diksha
OS=Windows_NT
PROCESSOR_IDENTIFIER=Intel64 Family 6 Model 55 Stepping 8, GenuineIntel



---------------  S Y S T E M  ---------------

OS: Windows 10 , 64 bit Build 18362 (10.0.18362.329)

CPU:total 4 (initial active 4) (4 cores per cpu, 1 threads per core) family 6 model 55 stepping 8, cmov, cx8, fxsr, mmx, sse, sse2, sse3, ssse3, sse4.1, sse4.2, popcnt, clmul, erms, 3dnowpref, tsc, tscinvbit

Memory: 4k page, system-wide physical 3977M (350M free)
TotalPageFile size 7651M (AvailPageFile size 1118M)
current process WorkingSet (physical memory assigned to process): 467M, peak: 664M
current process commit charge ("private bytes"): 686M, peak: 837M

vm_info: Java HotSpot(TM) 64-Bit Server VM (13.0.1+9) for windows-amd64 JRE (13.0.1+9), built on Oct  6 2019 12:37:49 by "mach5one" with unknown MS VC++:1916

END.
